[debug] [2025-05-09T17:40:13.740Z] ----------------------------------------------------------------------
[debug] [2025-05-09T17:40:13.742Z] Command:       /opt/homebrew/Cellar/node/23.7.0/bin/node /opt/homebrew/bin/firebase init functions
[debug] [2025-05-09T17:40:13.742Z] CLI Version:   14.3.0
[debug] [2025-05-09T17:40:13.742Z] Platform:      darwin
[debug] [2025-05-09T17:40:13.742Z] Node Version:  v23.7.0
[debug] [2025-05-09T17:40:13.743Z] Time:          Fri May 09 2025 19:40:13 GMT+0200 (Central European Summer Time)
[debug] [2025-05-09T17:40:13.743Z] ----------------------------------------------------------------------
[debug] 
[debug] [2025-05-09T17:40:13.822Z] > command requires scopes: ["email","openid","https://www.googleapis.com/auth/cloudplatformprojects.readonly","https://www.googleapis.com/auth/firebase","https://www.googleapis.com/auth/cloud-platform"]
[debug] [2025-05-09T17:40:13.822Z] > authorizing via signed-in user (davideconsiglio1978@gmail.com)
[info] 
     ######## #### ########  ######## ########     ###     ######  ########
     ##        ##  ##     ## ##       ##     ##  ##   ##  ##       ##
     ######    ##  ########  ######   ########  #########  ######  ######
     ##        ##  ##    ##  ##       ##     ## ##     ##       ## ##
     ##       #### ##     ## ######## ########  ##     ##  ######  ########

You're about to initialize a Firebase project in this directory:

  /Users/davideconsiglio/Library/Mobile Documents/com~apple~CloudDocs

Before we get started, keep in mind:

  * You are initializing within an existing Firebase project directory

[info] 
=== Project Setup
[info] 
[info] First, let's associate this project directory with a Firebase project.
[info] You can create multiple project aliases by running firebase use --add, 
[info] but for now we'll just set up a default project.
[info] 
[debug] [2025-05-09T17:40:13.824Z] Using project from CLI flag: doc-to-podcast
[debug] [2025-05-09T17:40:13.824Z] Checked if tokens are valid: true, expires at: 1746815529394
[debug] [2025-05-09T17:40:13.824Z] Checked if tokens are valid: true, expires at: 1746815529394
[debug] [2025-05-09T17:40:13.825Z] >>> [apiv2][query] GET https://firebase.googleapis.com/v1beta1/projects/doc-to-podcast [none]
[debug] [2025-05-09T17:40:14.206Z] <<< [apiv2][status] GET https://firebase.googleapis.com/v1beta1/projects/doc-to-podcast 200
[debug] [2025-05-09T17:40:14.206Z] <<< [apiv2][body] GET https://firebase.googleapis.com/v1beta1/projects/doc-to-podcast {"projectId":"doc-to-podcast","projectNumber":"719029261909","displayName":"DOC-TO-PODCAST","name":"projects/doc-to-podcast","resources":{"hostingSite":"doc-to-podcast"},"state":"ACTIVE","etag":"1_2454d457-21b1-4c3d-a5a6-261d082360dc"}
[info] i  Using project doc-to-podcast (DOC-TO-PODCAST) 
[info] 
=== Functions Setup
[debug] [2025-05-09T17:40:14.215Z] > command requires scopes: ["email","openid","https://www.googleapis.com/auth/cloudplatformprojects.readonly","https://www.googleapis.com/auth/firebase","https://www.googleapis.com/auth/cloud-platform"]
[debug] [2025-05-09T17:40:14.215Z] > authorizing via signed-in user (davideconsiglio1978@gmail.com)
[debug] [2025-05-09T17:40:14.215Z] [iam] checking project doc-to-podcast for permissions ["firebase.projects.get"]
[debug] [2025-05-09T17:40:14.215Z] Checked if tokens are valid: true, expires at: 1746815529394
[debug] [2025-05-09T17:40:14.215Z] Checked if tokens are valid: true, expires at: 1746815529394
[debug] [2025-05-09T17:40:14.215Z] >>> [apiv2][query] POST https://cloudresourcemanager.googleapis.com/v1/projects/doc-to-podcast:testIamPermissions [none]
[debug] [2025-05-09T17:40:14.215Z] >>> [apiv2][(partial)header] POST https://cloudresourcemanager.googleapis.com/v1/projects/doc-to-podcast:testIamPermissions x-goog-quota-user=projects/doc-to-podcast
[debug] [2025-05-09T17:40:14.215Z] >>> [apiv2][body] POST https://cloudresourcemanager.googleapis.com/v1/projects/doc-to-podcast:testIamPermissions {"permissions":["firebase.projects.get"]}
[debug] [2025-05-09T17:40:15.000Z] <<< [apiv2][status] POST https://cloudresourcemanager.googleapis.com/v1/projects/doc-to-podcast:testIamPermissions 200
[debug] [2025-05-09T17:40:15.000Z] <<< [apiv2][body] POST https://cloudresourcemanager.googleapis.com/v1/projects/doc-to-podcast:testIamPermissions {"permissions":["firebase.projects.get"]}
[debug] [2025-05-09T17:40:15.001Z] Checked if tokens are valid: true, expires at: 1746815529394
[debug] [2025-05-09T17:40:15.001Z] Checked if tokens are valid: true, expires at: 1746815529394
[debug] [2025-05-09T17:40:15.002Z] Checked if tokens are valid: true, expires at: 1746815529394
[debug] [2025-05-09T17:40:15.002Z] Checked if tokens are valid: true, expires at: 1746815529394
[debug] [2025-05-09T17:40:15.002Z] >>> [apiv2][query] GET https://serviceusage.googleapis.com/v1/projects/doc-to-podcast/services/cloudfunctions.googleapis.com [none]
[debug] [2025-05-09T17:40:15.002Z] >>> [apiv2][(partial)header] GET https://serviceusage.googleapis.com/v1/projects/doc-to-podcast/services/cloudfunctions.googleapis.com x-goog-quota-user=projects/doc-to-podcast
[debug] [2025-05-09T17:40:15.004Z] >>> [apiv2][query] GET https://serviceusage.googleapis.com/v1/projects/doc-to-podcast/services/runtimeconfig.googleapis.com [none]
[debug] [2025-05-09T17:40:15.004Z] >>> [apiv2][(partial)header] GET https://serviceusage.googleapis.com/v1/projects/doc-to-podcast/services/runtimeconfig.googleapis.com x-goog-quota-user=projects/doc-to-podcast
[debug] [2025-05-09T17:40:16.006Z] <<< [apiv2][status] GET https://serviceusage.googleapis.com/v1/projects/doc-to-podcast/services/cloudfunctions.googleapis.com 200
[debug] [2025-05-09T17:40:16.006Z] <<< [apiv2][body] GET https://serviceusage.googleapis.com/v1/projects/doc-to-podcast/services/cloudfunctions.googleapis.com [omitted]
[debug] [2025-05-09T17:40:16.049Z] <<< [apiv2][status] GET https://serviceusage.googleapis.com/v1/projects/doc-to-podcast/services/runtimeconfig.googleapis.com 200
[debug] [2025-05-09T17:40:16.049Z] <<< [apiv2][body] GET https://serviceusage.googleapis.com/v1/projects/doc-to-podcast/services/runtimeconfig.googleapis.com [omitted]
[info] 
Detected existing codebase(s): default, emerald_voice

