[debug] [2025-05-09T17:32:10.157Z] ----------------------------------------------------------------------
[debug] [2025-05-09T17:32:10.159Z] Command:       /opt/homebrew/Cellar/node/23.7.0/bin/node /opt/homebrew/bin/firebase init functions
[debug] [2025-05-09T17:32:10.159Z] CLI Version:   14.3.0
[debug] [2025-05-09T17:32:10.159Z] Platform:      darwin
[debug] [2025-05-09T17:32:10.159Z] Node Version:  v23.7.0
[debug] [2025-05-09T17:32:10.159Z] Time:          Fri May 09 2025 19:32:10 GMT+0200 (Central European Summer Time)
[debug] [2025-05-09T17:32:10.159Z] ----------------------------------------------------------------------
[debug] 
[debug] [2025-05-09T17:32:10.160Z] >>> [apiv2][query] GET https://firebase-public.firebaseio.com/cli.json [none]
[debug] [2025-05-09T17:32:10.249Z] > command requires scopes: ["email","openid","https://www.googleapis.com/auth/cloudplatformprojects.readonly","https://www.googleapis.com/auth/firebase","https://www.googleapis.com/auth/cloud-platform"]
[debug] [2025-05-09T17:32:10.249Z] > authorizing via signed-in user (davideconsiglio1978@gmail.com)
[info] 
     ######## #### ########  ######## ########     ###     ######  ########
     ##        ##  ##     ## ##       ##     ##  ##   ##  ##       ##
     ######    ##  ########  ######   ########  #########  ######  ######
     ##        ##  ##    ##  ##       ##     ## ##     ##       ## ##
     ##       #### ##     ## ######## ########  ##     ##  ######  ########

You're about to initialize a Firebase project in this directory:

  /Users/davideconsiglio/Library/Mobile Documents/com~apple~CloudDocs

Before we get started, keep in mind:

  * You are initializing within an existing Firebase project directory

[info] 
=== Project Setup
[info] 
[info] First, let's associate this project directory with a Firebase project.
[info] You can create multiple project aliases by running firebase use --add, 
[info] but for now we'll just set up a default project.
[info] 
[debug] [2025-05-09T17:32:10.250Z] Using project from CLI flag: doc-to-podcast
[debug] [2025-05-09T17:32:10.250Z] Checked if tokens are valid: false, expires at: 1745171364977
[debug] [2025-05-09T17:32:10.250Z] Checked if tokens are valid: false, expires at: 1745171364977
[debug] [2025-05-09T17:32:10.250Z] > refreshing access token with scopes: []
[debug] [2025-05-09T17:32:10.251Z] >>> [apiv2][query] POST https://www.googleapis.com/oauth2/v3/token [none]
[debug] [2025-05-09T17:32:10.251Z] >>> [apiv2][body] POST https://www.googleapis.com/oauth2/v3/token [omitted]
[debug] [2025-05-09T17:32:10.394Z] <<< [apiv2][status] POST https://www.googleapis.com/oauth2/v3/token 200
[debug] [2025-05-09T17:32:10.394Z] <<< [apiv2][body] POST https://www.googleapis.com/oauth2/v3/token [omitted]
[debug] [2025-05-09T17:32:10.402Z] >>> [apiv2][query] GET https://firebase.googleapis.com/v1beta1/projects/doc-to-podcast [none]
[debug] [2025-05-09T17:32:10.535Z] <<< [apiv2][status] GET https://firebase-public.firebaseio.com/cli.json 200
[debug] [2025-05-09T17:32:10.536Z] <<< [apiv2][body] GET https://firebase-public.firebaseio.com/cli.json {"cloudBuildErrorAfter":1594252800000,"cloudBuildWarnAfter":1590019200000,"defaultNode10After":1594252800000,"minVersion":"3.0.5","node8DeploysDisabledAfter":1613390400000,"node8RuntimeDisabledAfter":1615809600000,"node8WarnAfter":1600128000000}
[debug] [2025-05-09T17:32:10.783Z] <<< [apiv2][status] GET https://firebase.googleapis.com/v1beta1/projects/doc-to-podcast 200
[debug] [2025-05-09T17:32:10.783Z] <<< [apiv2][body] GET https://firebase.googleapis.com/v1beta1/projects/doc-to-podcast {"projectId":"doc-to-podcast","projectNumber":"719029261909","displayName":"DOC-TO-PODCAST","name":"projects/doc-to-podcast","resources":{"hostingSite":"doc-to-podcast"},"state":"ACTIVE","etag":"1_2454d457-21b1-4c3d-a5a6-261d082360dc"}
[info] i  Using project doc-to-podcast (DOC-TO-PODCAST) 
[info] 
=== Functions Setup
[debug] [2025-05-09T17:32:10.791Z] > command requires scopes: ["email","openid","https://www.googleapis.com/auth/cloudplatformprojects.readonly","https://www.googleapis.com/auth/firebase","https://www.googleapis.com/auth/cloud-platform"]
[debug] [2025-05-09T17:32:10.791Z] > authorizing via signed-in user (davideconsiglio1978@gmail.com)
[debug] [2025-05-09T17:32:10.791Z] [iam] checking project doc-to-podcast for permissions ["firebase.projects.get"]
[debug] [2025-05-09T17:32:10.792Z] Checked if tokens are valid: true, expires at: 1746815529394
[debug] [2025-05-09T17:32:10.792Z] Checked if tokens are valid: true, expires at: 1746815529394
[debug] [2025-05-09T17:32:10.792Z] >>> [apiv2][query] POST https://cloudresourcemanager.googleapis.com/v1/projects/doc-to-podcast:testIamPermissions [none]
[debug] [2025-05-09T17:32:10.792Z] >>> [apiv2][(partial)header] POST https://cloudresourcemanager.googleapis.com/v1/projects/doc-to-podcast:testIamPermissions x-goog-quota-user=projects/doc-to-podcast
[debug] [2025-05-09T17:32:10.792Z] >>> [apiv2][body] POST https://cloudresourcemanager.googleapis.com/v1/projects/doc-to-podcast:testIamPermissions {"permissions":["firebase.projects.get"]}
[debug] [2025-05-09T17:32:11.577Z] <<< [apiv2][status] POST https://cloudresourcemanager.googleapis.com/v1/projects/doc-to-podcast:testIamPermissions 200
[debug] [2025-05-09T17:32:11.577Z] <<< [apiv2][body] POST https://cloudresourcemanager.googleapis.com/v1/projects/doc-to-podcast:testIamPermissions {"permissions":["firebase.projects.get"]}
[debug] [2025-05-09T17:32:11.578Z] Checked if tokens are valid: true, expires at: 1746815529394
[debug] [2025-05-09T17:32:11.578Z] Checked if tokens are valid: true, expires at: 1746815529394
[debug] [2025-05-09T17:32:11.578Z] Checked if tokens are valid: true, expires at: 1746815529394
[debug] [2025-05-09T17:32:11.579Z] Checked if tokens are valid: true, expires at: 1746815529394
[debug] [2025-05-09T17:32:11.579Z] >>> [apiv2][query] GET https://serviceusage.googleapis.com/v1/projects/doc-to-podcast/services/cloudfunctions.googleapis.com [none]
[debug] [2025-05-09T17:32:11.579Z] >>> [apiv2][(partial)header] GET https://serviceusage.googleapis.com/v1/projects/doc-to-podcast/services/cloudfunctions.googleapis.com x-goog-quota-user=projects/doc-to-podcast
[debug] [2025-05-09T17:32:11.581Z] >>> [apiv2][query] GET https://serviceusage.googleapis.com/v1/projects/doc-to-podcast/services/runtimeconfig.googleapis.com [none]
[debug] [2025-05-09T17:32:11.581Z] >>> [apiv2][(partial)header] GET https://serviceusage.googleapis.com/v1/projects/doc-to-podcast/services/runtimeconfig.googleapis.com x-goog-quota-user=projects/doc-to-podcast
[debug] [2025-05-09T17:32:13.359Z] <<< [apiv2][status] GET https://serviceusage.googleapis.com/v1/projects/doc-to-podcast/services/cloudfunctions.googleapis.com 200
[debug] [2025-05-09T17:32:13.360Z] <<< [apiv2][body] GET https://serviceusage.googleapis.com/v1/projects/doc-to-podcast/services/cloudfunctions.googleapis.com [omitted]
[debug] [2025-05-09T17:32:13.360Z] <<< [apiv2][status] GET https://serviceusage.googleapis.com/v1/projects/doc-to-podcast/services/runtimeconfig.googleapis.com 200
[debug] [2025-05-09T17:32:13.360Z] <<< [apiv2][body] GET https://serviceusage.googleapis.com/v1/projects/doc-to-podcast/services/runtimeconfig.googleapis.com [omitted]
[info] 
Detected existing codebase(s): default

