2025-02-19 07:07:35,526 - INFO - Starting market analysis workflow...
2025-02-19 07:07:35,526 - INFO - 
Executing scripts/a_collect_sentiment.py...
2025-02-19 07:15:29,623 - INFO - 
Starting sentiment analysis...

Processing ADEN (ADENTRA Inc.)...
No news found for ADEN

Processing AAV (Advantage Energy Ltd.)...
No news found for AAV

Processing GOOGL (Alphabet Inc.)...

Processing AMZN (Amazon.com Inc.)...

Processing AMTM (Amentum Holdings Inc.)...

Processing ARCO (Arcos Dorados Holdings Inc.)...

Processing ASTH (Astrana Health Inc.)...

Processing AXON (Axon Enterprise Inc.)...

Processing BDGI (Badger Infrastructure Solutions Ltd.)...
No news found for BDGI

Processing BILL (BILL Holdings Inc.)...

Processing BIIB (Biogen Inc.)...

Processing BRZE (Braze Inc.)...

Processing BRNG (WisdomTree Brent Oil)...
No news found for BRNG

Processing AVGO (Broadcom Inc.)...

Processing CLDX (Celldex Therapeutics Inc.)...

Processing CVE (Cenovus Energy Ltd.)...

Processing CG (Centerra Gold Inc.)...

Processing CHMI (Cherry Hill Mortgage Investment Corporation)...

Processing CIVI (Civitas Resources Inc.)...

Processing CMPS (COMPASS Pathways plc)...

Processing STZ (Constellation Brands Inc.)...

Processing COUR (Coursera Inc.)...

Processing CURA (Curaleaf Holdings Inc.)...
No news found for CURA

Processing DHR (Danaher Corporation)...

Processing DDOG (Datadog Inc.)...

Processing DVN (Devon Energy Corporation)...

Processing DXCM (DexCom Inc.)...

Processing DIRUN (Dream Industrial Real Estate Investment Trust)...
No news found for DIRUN

Processing EVH (Evolent Health Inc.)...

Processing EIF (Exchange Income Corporation)...
No news found for EIF

Processing FSLR (First Solar Inc.)...

Processing G (Assicurazioni Generali S.p.A.)...

Processing HAL (Halliburton Company)...

Processing HQY (HealthEquity Inc.)...

Processing HBM (Hudbay Minerals Inc.)...

Processing IDYA (IDEAYA Biosciences Inc.)...

Processing IMCR (Immunocore Holdings plc)...
No news found for IMCR

Processing IMVT (Immunovant Inc.)...

Processing INSW (International Seaways Inc.)...

Processing EMV (iShares MSCI EM Min Volatility ETF)...
No news found for EMV

Processing AGED (iShares Ageing Population ETF)...
No news found for AGED

Processing IWDA (iShares Core MSCI World ETF)...
No news found for IWDA

Processing KNT (K92 Mining Inc.)...
No news found for KNT

Processing LW (Lamb Weston Holdings Inc.)...

Processing LVO (LiveOne Inc.)...

Processing LKQ (LKQ Corporation)...

Processing MRVL (Marvell Technology Inc.)...

Processing MA (Mastercard Incorporated)...

Processing META (Meta Platforms Inc.)...

Processing MU (Micron Technology Inc.)...

Processing MSFT (Microsoft Corporation)...

Processing MDXG (MiMedx Group Inc.)...

Processing MNMD (Mind Medicine (MindMed) Inc.)...

Processing MDLZ (Mondelez International Inc.)...

Processing NVDA (NVIDIA Corporation)...

Processing OGC (OceanaGold Corporation)...
No news found for OGC

Processing PACS (PACS Group Inc.)...

Processing PFGC (Performance Food Group Company)...

Processing PRU (Prudential Financial Inc.)...

Processing RNO (Renault SA)...
No news found for RNO

Processing RLX (RLX Technology Inc.)...
No news found for RLX

Processing RCKT (Rocket Pharmaceuticals Inc.)...

Processing RCIB (Rogers Communications Inc.)...
No news found for RCIB

Processing RCI (Rogers Communications Inc.)...

Processing CRM (Salesforce Inc.)...

Processing SHOP (Shopify Inc.)...

Processing SLP (Simulations Plus Inc.)...

Processing SLB (Schlumberger Limited)...

Processing GPCR (Structure Therapeutics Inc.)...

Processing SMCI (Super Micro Computer Inc.)...

Processing SPB (Superior Plus Corp.)...

Processing SNDX (Syndax Pharmaceuticals Inc.)...

Processing TNC (Tennant Company)...

Processing TX (Ternium S.A.)...

Processing TSLA (Tesla Inc.)...

Processing TCOM (Trip.com Group Limited)...

Processing TSU (Trisura Group Ltd.)...
No news found for TSU

Processing TRVG (trivago N.V.)...

Processing TWLO (Twilio Inc.)...

Processing UBER (Uber Technologies Inc.)...

Processing UAL (United Airlines Holdings Inc.)...

Processing UPWK (Upwork Inc.)...

Processing UTZ (Utz Brands Inc.)...

Processing WELL (WELL Health Technologies Corp.)...

Processing WCP (Whitecap Resources Inc.)...
No news found for WCP

Processing XPO (XPO Inc.)...

Sentiment Trends:
Stocks with rising sentiment: 12
Stocks with falling sentiment: 56
Average sentiment change: -0.00

Sentiment Analysis Summary:
Total articles processed: 2875
Companies analyzed: 68

Results saved to:
- Detailed results: results/sentiment_detailed_20250219_070741.csv
- Summary results: results/sentiment_summary_20250219_070741.csv
- Archive directory: results/archive/sentiment
- Historical database: database

Sentiment analysis complete!

2025-02-19 07:15:29,624 - ERROR - Device set to use mps:0
2025-02-19 07:15:27,754 - INFO - Saved sentiment data for 20250219
2025-02-19 07:15:27,755 - INFO - - Detailed data: database/sentiment/detailed/sentiment_detailed_20250219.csv
2025-02-19 07:15:27,755 - INFO - - Summary data: database/sentiment/summary/sentiment_summary_20250219.csv

2025-02-19 07:15:29,624 - INFO - Completed scripts/a_collect_sentiment.py in 474.1 seconds
2025-02-19 07:15:30,626 - INFO - 
Executing scripts/b_collect_market.py...
2025-02-19 07:17:06,437 - INFO - 
Starting market data collection...

Market data collection complete!

2025-02-19 07:17:06,437 - ERROR - 2025-02-19 07:15:34,088 - ERROR - 429 Client Error: Too Many Requests for url: https://query2.finance.yahoo.com/v10/finance/quoteSummary/ADEN?modules=financialData%2CquoteType%2CdefaultKeyStatistics%2CassetProfile%2CsummaryDetail&corsDomain=finance.yahoo.com&formatted=false&symbol=ADEN&crumb=Edge%3A+Too+Many+Requests
2025-02-19 07:15:34,096 - ERROR - 429 Client Error: Too Many Requests for url: https://query2.finance.yahoo.com/v10/finance/quoteSummary/AMZN?modules=financialData%2CquoteType%2CdefaultKeyStatistics%2CassetProfile%2CsummaryDetail&corsDomain=finance.yahoo.com&formatted=false&symbol=AMZN&crumb=Edge%3A+Too+Many+Requests
2025-02-19 07:15:34,099 - ERROR - 429 Client Error: Too Many Requests for url: https://query2.finance.yahoo.com/v10/finance/quoteSummary/AMTM?modules=financialData%2CquoteType%2CdefaultKeyStatistics%2CassetProfile%2CsummaryDetail&corsDomain=finance.yahoo.com&formatted=false&symbol=AMTM&crumb=Edge%3A+Too+Many+Requests
2025-02-19 07:15:34,099 - ERROR - 429 Client Error: Too Many Requests for url: https://query2.finance.yahoo.com/v10/finance/quoteSummary/GOOGL?modules=financialData%2CquoteType%2CdefaultKeyStatistics%2CassetProfile%2CsummaryDetail&corsDomain=finance.yahoo.com&formatted=false&symbol=GOOGL&crumb=Edge%3A+Too+Many+Requests
2025-02-19 07:15:34,104 - ERROR - 429 Client Error: Too Many Requests for url: https://query2.finance.yahoo.com/v10/finance/quoteSummary/AAV?modules=financialData%2CquoteType%2CdefaultKeyStatistics%2CassetProfile%2CsummaryDetail&corsDomain=finance.yahoo.com&formatted=false&symbol=AAV&crumb=Edge%3A+Too+Many+Requests
2025-02-19 07:15:35,269 - WARNING - Could not fetch data for ADEN: Expecting value: line 1 column 1 (char 0)
2025-02-19 07:15:35,269 - WARNING - Could not fetch data for AMZN: Expecting value: line 1 column 1 (char 0)
2025-02-19 07:15:35,275 - WARNING - Could not fetch data for AAV: Expecting value: line 1 column 1 (char 0)
2025-02-19 07:15:35,276 - WARNING - Could not fetch data for GOOGL: Expecting value: line 1 column 1 (char 0)
2025-02-19 07:15:35,276 - WARNING - Could not fetch data for AMTM: Expecting value: line 1 column 1 (char 0)
2025-02-19 07:15:37,490 - ERROR - 429 Client Error: Too Many Requests for url: https://query2.finance.yahoo.com/v10/finance/quoteSummary/ASTH?modules=financialData%2CquoteType%2CdefaultKeyStatistics%2CassetProfile%2CsummaryDetail&corsDomain=finance.yahoo.com&formatted=false&symbol=ASTH&crumb=Edge%3A+Too+Many+Requests
2025-02-19 07:15:37,491 - ERROR - 429 Client Error: Too Many Requests for url: https://query2.finance.yahoo.com/v10/finance/quoteSummary/ARCO?modules=financialData%2CquoteType%2CdefaultKeyStatistics%2CassetProfile%2CsummaryDetail&corsDomain=finance.yahoo.com&formatted=false&symbol=ARCO&crumb=Edge%3A+Too+Many+Requests
2025-02-19 07:15:37,494 - ERROR - 429 Client Error: Too Many Requests for url: https://query2.finance.yahoo.com/v10/finance/quoteSummary/BDGI?modules=financialData%2CquoteType%2CdefaultKeyStatistics%2CassetProfile%2CsummaryDetail&corsDomain=finance.yahoo.com&formatted=false&symbol=BDGI&crumb=Edge%3A+Too+Many+Requests
2025-02-19 07:15:37,498 - ERROR - 429 Client Error: Too Many Requests for url: https://query2.finance.yahoo.com/v10/finance/quoteSummary/AXON?modules=financialData%2CquoteType%2CdefaultKeyStatistics%2CassetProfile%2CsummaryDetail&corsDomain=finance.yahoo.com&formatted=false&symbol=AXON&crumb=Edge%3A+Too+Many+Requests
2025-02-19 07:15:37,501 - ERROR - 429 Client Error: Too Many Requests for url: https://query2.finance.yahoo.com/v10/finance/quoteSummary/BILL?modules=financialData%2CquoteType%2CdefaultKeyStatistics%2CassetProfile%2CsummaryDetail&corsDomain=finance.yahoo.com&formatted=false&symbol=BILL&crumb=Edge%3A+Too+Many+Requests
2025-02-19 07:15:38,706 - WARNING - Could not fetch data for AXON: Expecting value: line 1 column 1 (char 0)
2025-02-19 07:15:38,708 - WARNING - Could not fetch data for BDGI: Expecting value: line 1 column 1 (char 0)
2025-02-19 07:15:38,717 - WARNING - Could not fetch data for ASTH: Expecting value: line 1 column 1 (char 0)
2025-02-19 07:15:38,719 - WARNING - Could not fetch data for BILL: Expecting value: line 1 column 1 (char 0)
2025-02-19 07:15:38,720 - WARNING - Could not fetch data for ARCO: Expecting value: line 1 column 1 (char 0)
2025-02-19 07:15:40,414 - ERROR - 429 Client Error: Too Many Requests for url: https://query2.finance.yahoo.com/v10/finance/quoteSummary/BRNG?modules=financialData%2CquoteType%2CdefaultKeyStatistics%2CassetProfile%2CsummaryDetail&corsDomain=finance.yahoo.com&formatted=false&symbol=BRNG&crumb=Edge%3A+Too+Many+Requests
2025-02-19 07:15:40,415 - ERROR - 429 Client Error: Too Many Requests for url: https://query2.finance.yahoo.com/v10/finance/quoteSummary/BIIB?modules=financialData%2CquoteType%2CdefaultKeyStatistics%2CassetProfile%2CsummaryDetail&corsDomain=finance.yahoo.com&formatted=false&symbol=BIIB&crumb=Edge%3A+Too+Many+Requests
2025-02-19 07:15:40,423 - ERROR - 429 Client Error: Too Many Requests for url: https://query2.finance.yahoo.com/v10/finance/quoteSummary/CLDX?modules=financialData%2CquoteType%2CdefaultKeyStatistics%2CassetProfile%2CsummaryDetail&corsDomain=finance.yahoo.com&formatted=false&symbol=CLDX&crumb=Edge%3A+Too+Many+Requests
2025-02-19 07:15:40,436 - ERROR - 429 Client Error: Too Many Requests for url: https://query2.finance.yahoo.com/v10/finance/quoteSummary/AVGO?modules=financialData%2CquoteType%2CdefaultKeyStatistics%2CassetProfile%2CsummaryDetail&corsDomain=finance.yahoo.com&formatted=false&symbol=AVGO&crumb=Edge%3A+Too+Many+Requests
2025-02-19 07:15:40,459 - ERROR - 429 Client Error: Too Many Requests for url: https://query2.finance.yahoo.com/v10/finance/quoteSummary/BRZE?modules=financialData%2CquoteType%2CdefaultKeyStatistics%2CassetProfile%2CsummaryDetail&corsDomain=finance.yahoo.com&formatted=false&symbol=BRZE&crumb=Edge%3A+Too+Many+Requests
2025-02-19 07:15:42,200 - WARNING - Could not fetch data for AVGO: Expecting value: line 1 column 1 (char 0)
2025-02-19 07:15:42,204 - WARNING - Could not fetch data for CLDX: Expecting value: line 1 column 1 (char 0)
2025-02-19 07:15:42,220 - WARNING - Could not fetch data for BIIB: Expecting value: line 1 column 1 (char 0)
2025-02-19 07:15:42,224 - WARNING - Could not fetch data for BRZE: Expecting value: line 1 column 1 (char 0)
2025-02-19 07:15:42,225 - WARNING - Could not fetch data for BRNG: Expecting value: line 1 column 1 (char 0)
2025-02-19 07:15:45,360 - ERROR - 429 Client Error: Too Many Requests for url: https://query2.finance.yahoo.com/v10/finance/quoteSummary/CHMI?modules=financialData%2CquoteType%2CdefaultKeyStatistics%2CassetProfile%2CsummaryDetail&corsDomain=finance.yahoo.com&formatted=false&symbol=CHMI&crumb=Edge%3A+Too+Many+Requests
2025-02-19 07:15:45,371 - ERROR - 429 Client Error: Too Many Requests for url: https://query2.finance.yahoo.com/v10/finance/quoteSummary/CIVI?modules=financialData%2CquoteType%2CdefaultKeyStatistics%2CassetProfile%2CsummaryDetail&corsDomain=finance.yahoo.com&formatted=false&symbol=CIVI&crumb=Edge%3A+Too+Many+Requests
2025-02-19 07:15:45,385 - ERROR - 429 Client Error: Too Many Requests for url: https://query2.finance.yahoo.com/v10/finance/quoteSummary/CVE?modules=financialData%2CquoteType%2CdefaultKeyStatistics%2CassetProfile%2CsummaryDetail&corsDomain=finance.yahoo.com&formatted=false&symbol=CVE&crumb=Edge%3A+Too+Many+Requests
2025-02-19 07:15:45,394 - ERROR - 429 Client Error: Too Many Requests for url: https://query2.finance.yahoo.com/v10/finance/quoteSummary/CG?modules=financialData%2CquoteType%2CdefaultKeyStatistics%2CassetProfile%2CsummaryDetail&corsDomain=finance.yahoo.com&formatted=false&symbol=CG&crumb=Edge%3A+Too+Many+Requests
2025-02-19 07:15:45,420 - ERROR - 429 Client Error: Too Many Requests for url: https://query2.finance.yahoo.com/v10/finance/quoteSummary/CMPS?modules=financialData%2CquoteType%2CdefaultKeyStatistics%2CassetProfile%2CsummaryDetail&corsDomain=finance.yahoo.com&formatted=false&symbol=CMPS&crumb=Edge%3A+Too+Many+Requests
2025-02-19 07:15:46,566 - WARNING - Could not fetch data for CHMI: Expecting value: line 1 column 1 (char 0)
2025-02-19 07:15:46,576 - WARNING - Could not fetch data for CIVI: Expecting value: line 1 column 1 (char 0)
2025-02-19 07:15:46,581 - WARNING - Could not fetch data for CG: Expecting value: line 1 column 1 (char 0)
2025-02-19 07:15:46,586 - WARNING - Could not fetch data for CVE: Expecting value: line 1 column 1 (char 0)
2025-02-19 07:15:46,606 - WARNING - Could not fetch data for CMPS: Expecting value: line 1 column 1 (char 0)
2025-02-19 07:15:48,860 - ERROR - 429 Client Error: Too Many Requests for url: https://query2.finance.yahoo.com/v10/finance/quoteSummary/DHR?modules=financialData%2CquoteType%2CdefaultKeyStatistics%2CassetProfile%2CsummaryDetail&corsDomain=finance.yahoo.com&formatted=false&symbol=DHR&crumb=Edge%3A+Too+Many+Requests
2025-02-19 07:15:48,876 - ERROR - 429 Client Error: Too Many Requests for url: https://query2.finance.yahoo.com/v10/finance/quoteSummary/DDOG?modules=financialData%2CquoteType%2CdefaultKeyStatistics%2CassetProfile%2CsummaryDetail&corsDomain=finance.yahoo.com&formatted=false&symbol=DDOG&crumb=Edge%3A+Too+Many+Requests
2025-02-19 07:15:48,898 - ERROR - 429 Client Error: Too Many Requests for url: https://query2.finance.yahoo.com/v10/finance/quoteSummary/COUR?modules=financialData%2CquoteType%2CdefaultKeyStatistics%2CassetProfile%2CsummaryDetail&corsDomain=finance.yahoo.com&formatted=false&symbol=COUR&crumb=Edge%3A+Too+Many+Requests
2025-02-19 07:15:48,914 - ERROR - 429 Client Error: Too Many Requests for url: https://query2.finance.yahoo.com/v10/finance/quoteSummary/STZ?modules=financialData%2CquoteType%2CdefaultKeyStatistics%2CassetProfile%2CsummaryDetail&corsDomain=finance.yahoo.com&formatted=false&symbol=STZ&crumb=Edge%3A+Too+Many+Requests
2025-02-19 07:15:48,915 - ERROR - 429 Client Error: Too Many Requests for url: https://query2.finance.yahoo.com/v10/finance/quoteSummary/CURA?modules=financialData%2CquoteType%2CdefaultKeyStatistics%2CassetProfile%2CsummaryDetail&corsDomain=finance.yahoo.com&formatted=false&symbol=CURA&crumb=Edge%3A+Too+Many+Requests
2025-02-19 07:15:51,409 - WARNING - Could not fetch data for COUR: Expecting value: line 1 column 1 (char 0)
2025-02-19 07:15:51,415 - WARNING - Could not fetch data for DDOG: Expecting value: line 1 column 1 (char 0)
2025-02-19 07:15:51,422 - WARNING - Could not fetch data for STZ: Expecting value: line 1 column 1 (char 0)
2025-02-19 07:15:51,423 - WARNING - Could not fetch data for CURA: Expecting value: line 1 column 1 (char 0)
2025-02-19 07:15:51,426 - WARNING - Could not fetch data for DHR: Expecting value: line 1 column 1 (char 0)
2025-02-19 07:15:53,837 - ERROR - 429 Client Error: Too Many Requests for url: https://query2.finance.yahoo.com/v10/finance/quoteSummary/EVH?modules=financialData%2CquoteType%2CdefaultKeyStatistics%2CassetProfile%2CsummaryDetail&corsDomain=finance.yahoo.com&formatted=false&symbol=EVH&crumb=Edge%3A+Too+Many+Requests
2025-02-19 07:15:53,838 - ERROR - 429 Client Error: Too Many Requests for url: https://query2.finance.yahoo.com/v10/finance/quoteSummary/EIF?modules=financialData%2CquoteType%2CdefaultKeyStatistics%2CassetProfile%2CsummaryDetail&corsDomain=finance.yahoo.com&formatted=false&symbol=EIF&crumb=Edge%3A+Too+Many+Requests
2025-02-19 07:15:53,839 - ERROR - 429 Client Error: Too Many Requests for url: https://query2.finance.yahoo.com/v10/finance/quoteSummary/DVN?modules=financialData%2CquoteType%2CdefaultKeyStatistics%2CassetProfile%2CsummaryDetail&corsDomain=finance.yahoo.com&formatted=false&symbol=DVN&crumb=Edge%3A+Too+Many+Requests
2025-02-19 07:15:53,840 - ERROR - 429 Client Error: Too Many Requests for url: https://query2.finance.yahoo.com/v10/finance/quoteSummary/DXCM?modules=financialData%2CquoteType%2CdefaultKeyStatistics%2CassetProfile%2CsummaryDetail&corsDomain=finance.yahoo.com&formatted=false&symbol=DXCM&crumb=Edge%3A+Too+Many+Requests
2025-02-19 07:15:53,841 - ERROR - 429 Client Error: Too Many Requests for url: https://query2.finance.yahoo.com/v10/finance/quoteSummary/DIRUN?modules=financialData%2CquoteType%2CdefaultKeyStatistics%2CassetProfile%2CsummaryDetail&corsDomain=finance.yahoo.com&formatted=false&symbol=DIRUN&crumb=Edge%3A+Too+Many+Requests
2025-02-19 07:15:58,440 - WARNING - Could not fetch data for EIF: Expecting value: line 1 column 1 (char 0)
2025-02-19 07:15:58,441 - WARNING - Could not fetch data for DXCM: Expecting value: line 1 column 1 (char 0)
2025-02-19 07:15:58,442 - WARNING - Could not fetch data for EVH: Expecting value: line 1 column 1 (char 0)
2025-02-19 07:15:58,445 - WARNING - Could not fetch data for DVN: Expecting value: line 1 column 1 (char 0)
2025-02-19 07:15:58,446 - WARNING - Could not fetch data for DIRUN: Expecting value: line 1 column 1 (char 0)
2025-02-19 07:16:01,643 - ERROR - 429 Client Error: Too Many Requests for url: https://query2.finance.yahoo.com/v10/finance/quoteSummary/HAL?modules=financialData%2CquoteType%2CdefaultKeyStatistics%2CassetProfile%2CsummaryDetail&corsDomain=finance.yahoo.com&formatted=false&symbol=HAL&crumb=Edge%3A+Too+Many+Requests
2025-02-19 07:16:01,658 - ERROR - 429 Client Error: Too Many Requests for url: https://query2.finance.yahoo.com/v10/finance/quoteSummary/G?modules=financialData%2CquoteType%2CdefaultKeyStatistics%2CassetProfile%2CsummaryDetail&corsDomain=finance.yahoo.com&formatted=false&symbol=G&crumb=Edge%3A+Too+Many+Requests
2025-02-19 07:16:01,673 - ERROR - 429 Client Error: Too Many Requests for url: https://query2.finance.yahoo.com/v10/finance/quoteSummary/HBM?modules=financialData%2CquoteType%2CdefaultKeyStatistics%2CassetProfile%2CsummaryDetail&corsDomain=finance.yahoo.com&formatted=false&symbol=HBM&crumb=Edge%3A+Too+Many+Requests
2025-02-19 07:16:01,685 - ERROR - 429 Client Error: Too Many Requests for url: https://query2.finance.yahoo.com/v10/finance/quoteSummary/HQY?modules=financialData%2CquoteType%2CdefaultKeyStatistics%2CassetProfile%2CsummaryDetail&corsDomain=finance.yahoo.com&formatted=false&symbol=HQY&crumb=Edge%3A+Too+Many+Requests
2025-02-19 07:16:01,699 - ERROR - 429 Client Error: Too Many Requests for url: https://query2.finance.yahoo.com/v10/finance/quoteSummary/FSLR?modules=financialData%2CquoteType%2CdefaultKeyStatistics%2CassetProfile%2CsummaryDetail&corsDomain=finance.yahoo.com&formatted=false&symbol=FSLR&crumb=Edge%3A+Too+Many+Requests
2025-02-19 07:16:07,168 - WARNING - Could not fetch data for HQY: Expecting value: line 1 column 1 (char 0)
2025-02-19 07:16:07,178 - WARNING - Could not fetch data for HAL: Expecting value: line 1 column 1 (char 0)
2025-02-19 07:16:07,195 - WARNING - Could not fetch data for HBM: Expecting value: line 1 column 1 (char 0)
2025-02-19 07:16:07,199 - WARNING - Could not fetch data for FSLR: Expecting value: line 1 column 1 (char 0)
2025-02-19 07:16:07,202 - WARNING - Could not fetch data for G: Expecting value: line 1 column 1 (char 0)
2025-02-19 07:16:09,131 - ERROR - 429 Client Error: Too Many Requests for url: https://query2.finance.yahoo.com/v10/finance/quoteSummary/IMVT?modules=financialData%2CquoteType%2CdefaultKeyStatistics%2CassetProfile%2CsummaryDetail&corsDomain=finance.yahoo.com&formatted=false&symbol=IMVT&crumb=Edge%3A+Too+Many+Requests
2025-02-19 07:16:09,131 - ERROR - 429 Client Error: Too Many Requests for url: https://query2.finance.yahoo.com/v10/finance/quoteSummary/INSW?modules=financialData%2CquoteType%2CdefaultKeyStatistics%2CassetProfile%2CsummaryDetail&corsDomain=finance.yahoo.com&formatted=false&symbol=INSW&crumb=Edge%3A+Too+Many+Requests
2025-02-19 07:16:09,134 - ERROR - 429 Client Error: Too Many Requests for url: https://query2.finance.yahoo.com/v10/finance/quoteSummary/IMCR?modules=financialData%2CquoteType%2CdefaultKeyStatistics%2CassetProfile%2CsummaryDetail&corsDomain=finance.yahoo.com&formatted=false&symbol=IMCR&crumb=Edge%3A+Too+Many+Requests
2025-02-19 07:16:09,135 - ERROR - 429 Client Error: Too Many Requests for url: https://query2.finance.yahoo.com/v10/finance/quoteSummary/EMV?modules=financialData%2CquoteType%2CdefaultKeyStatistics%2CassetProfile%2CsummaryDetail&corsDomain=finance.yahoo.com&formatted=false&symbol=EMV&crumb=Edge%3A+Too+Many+Requests
2025-02-19 07:16:09,139 - ERROR - 429 Client Error: Too Many Requests for url: https://query2.finance.yahoo.com/v10/finance/quoteSummary/IDYA?modules=financialData%2CquoteType%2CdefaultKeyStatistics%2CassetProfile%2CsummaryDetail&corsDomain=finance.yahoo.com&formatted=false&symbol=IDYA&crumb=Edge%3A+Too+Many+Requests
2025-02-19 07:16:20,072 - WARNING - Could not fetch data for IDYA: Expecting value: line 1 column 1 (char 0)
2025-02-19 07:16:20,073 - WARNING - Could not fetch data for EMV: Expecting value: line 1 column 1 (char 0)
2025-02-19 07:16:20,074 - WARNING - Could not fetch data for INSW: Expecting value: line 1 column 1 (char 0)
2025-02-19 07:16:20,074 - WARNING - Could not fetch data for IMVT: Expecting value: line 1 column 1 (char 0)
2025-02-19 07:16:20,076 - WARNING - Could not fetch data for IMCR: Expecting value: line 1 column 1 (char 0)
2025-02-19 07:16:23,631 - ERROR - 429 Client Error: Too Many Requests for url: https://query2.finance.yahoo.com/v10/finance/quoteSummary/KNT?modules=financialData%2CquoteType%2CdefaultKeyStatistics%2CassetProfile%2CsummaryDetail&corsDomain=finance.yahoo.com&formatted=false&symbol=KNT&crumb=Edge%3A+Too+Many+Requests
2025-02-19 07:16:23,633 - ERROR - 429 Client Error: Too Many Requests for url: https://query2.finance.yahoo.com/v10/finance/quoteSummary/AGED?modules=financialData%2CquoteType%2CdefaultKeyStatistics%2CassetProfile%2CsummaryDetail&corsDomain=finance.yahoo.com&formatted=false&symbol=AGED&crumb=Edge%3A+Too+Many+Requests
2025-02-19 07:16:23,642 - ERROR - 429 Client Error: Too Many Requests for url: https://query2.finance.yahoo.com/v10/finance/quoteSummary/IWDA?modules=financialData%2CquoteType%2CdefaultKeyStatistics%2CassetProfile%2CsummaryDetail&corsDomain=finance.yahoo.com&formatted=false&symbol=IWDA&crumb=Edge%3A+Too+Many+Requests
2025-02-19 07:16:23,643 - ERROR - 429 Client Error: Too Many Requests for url: https://query2.finance.yahoo.com/v10/finance/quoteSummary/LVO?modules=financialData%2CquoteType%2CdefaultKeyStatistics%2CassetProfile%2CsummaryDetail&corsDomain=finance.yahoo.com&formatted=false&symbol=LVO&crumb=Edge%3A+Too+Many+Requests
2025-02-19 07:16:23,643 - ERROR - 429 Client Error: Too Many Requests for url: https://query2.finance.yahoo.com/v10/finance/quoteSummary/LW?modules=financialData%2CquoteType%2CdefaultKeyStatistics%2CassetProfile%2CsummaryDetail&corsDomain=finance.yahoo.com&formatted=false&symbol=LW&crumb=Edge%3A+Too+Many+Requests
2025-02-19 07:16:28,742 - WARNING - Could not fetch data for IWDA: Expecting value: line 1 column 1 (char 0)
2025-02-19 07:16:28,743 - WARNING - Could not fetch data for LVO: Expecting value: line 1 column 1 (char 0)
2025-02-19 07:16:28,744 - WARNING - Could not fetch data for LW: Expecting value: line 1 column 1 (char 0)
2025-02-19 07:16:28,744 - WARNING - Could not fetch data for AGED: Expecting value: line 1 column 1 (char 0)
2025-02-19 07:16:28,757 - WARNING - Could not fetch data for KNT: Expecting value: line 1 column 1 (char 0)
2025-02-19 07:16:30,983 - ERROR - 429 Client Error: Too Many Requests for url: https://query2.finance.yahoo.com/v10/finance/quoteSummary/LKQ?modules=financialData%2CquoteType%2CdefaultKeyStatistics%2CassetProfile%2CsummaryDetail&corsDomain=finance.yahoo.com&formatted=false&symbol=LKQ&crumb=Edge%3A+Too+Many+Requests
2025-02-19 07:16:30,984 - ERROR - 429 Client Error: Too Many Requests for url: https://query2.finance.yahoo.com/v10/finance/quoteSummary/META?modules=financialData%2CquoteType%2CdefaultKeyStatistics%2CassetProfile%2CsummaryDetail&corsDomain=finance.yahoo.com&formatted=false&symbol=META&crumb=Edge%3A+Too+Many+Requests
2025-02-19 07:16:30,986 - ERROR - 429 Client Error: Too Many Requests for url: https://query2.finance.yahoo.com/v10/finance/quoteSummary/MRVL?modules=financialData%2CquoteType%2CdefaultKeyStatistics%2CassetProfile%2CsummaryDetail&corsDomain=finance.yahoo.com&formatted=false&symbol=MRVL&crumb=Edge%3A+Too+Many+Requests
2025-02-19 07:16:30,987 - ERROR - 429 Client Error: Too Many Requests for url: https://query2.finance.yahoo.com/v10/finance/quoteSummary/MA?modules=financialData%2CquoteType%2CdefaultKeyStatistics%2CassetProfile%2CsummaryDetail&corsDomain=finance.yahoo.com&formatted=false&symbol=MA&crumb=Edge%3A+Too+Many+Requests
2025-02-19 07:16:30,989 - ERROR - 429 Client Error: Too Many Requests for url: https://query2.finance.yahoo.com/v10/finance/quoteSummary/MU?modules=financialData%2CquoteType%2CdefaultKeyStatistics%2CassetProfile%2CsummaryDetail&corsDomain=finance.yahoo.com&formatted=false&symbol=MU&crumb=Edge%3A+Too+Many+Requests
2025-02-19 07:16:32,219 - WARNING - Could not fetch data for META: Expecting value: line 1 column 1 (char 0)
2025-02-19 07:16:32,220 - WARNING - Could not fetch data for MRVL: Expecting value: line 1 column 1 (char 0)
2025-02-19 07:16:32,222 - WARNING - Could not fetch data for LKQ: Expecting value: line 1 column 1 (char 0)
2025-02-19 07:16:32,223 - WARNING - Could not fetch data for MA: Expecting value: line 1 column 1 (char 0)
2025-02-19 07:16:32,224 - WARNING - Could not fetch data for MU: Expecting value: line 1 column 1 (char 0)
2025-02-19 07:16:33,409 - ERROR - 429 Client Error: Too Many Requests for url: https://query2.finance.yahoo.com/v10/finance/quoteSummary/MDXG?modules=financialData%2CquoteType%2CdefaultKeyStatistics%2CassetProfile%2CsummaryDetail&corsDomain=finance.yahoo.com&formatted=false&symbol=MDXG&crumb=Edge%3A+Too+Many+Requests
2025-02-19 07:16:33,410 - ERROR - 429 Client Error: Too Many Requests for url: https://query2.finance.yahoo.com/v10/finance/quoteSummary/NVDA?modules=financialData%2CquoteType%2CdefaultKeyStatistics%2CassetProfile%2CsummaryDetail&corsDomain=finance.yahoo.com&formatted=false&symbol=NVDA&crumb=Edge%3A+Too+Many+Requests
2025-02-19 07:16:33,413 - ERROR - 429 Client Error: Too Many Requests for url: https://query2.finance.yahoo.com/v10/finance/quoteSummary/MSFT?modules=financialData%2CquoteType%2CdefaultKeyStatistics%2CassetProfile%2CsummaryDetail&corsDomain=finance.yahoo.com&formatted=false&symbol=MSFT&crumb=Edge%3A+Too+Many+Requests
2025-02-19 07:16:33,415 - ERROR - 429 Client Error: Too Many Requests for url: https://query2.finance.yahoo.com/v10/finance/quoteSummary/MNMD?modules=financialData%2CquoteType%2CdefaultKeyStatistics%2CassetProfile%2CsummaryDetail&corsDomain=finance.yahoo.com&formatted=false&symbol=MNMD&crumb=Edge%3A+Too+Many+Requests
2025-02-19 07:16:33,420 - ERROR - 429 Client Error: Too Many Requests for url: https://query2.finance.yahoo.com/v10/finance/quoteSummary/MDLZ?modules=financialData%2CquoteType%2CdefaultKeyStatistics%2CassetProfile%2CsummaryDetail&corsDomain=finance.yahoo.com&formatted=false&symbol=MDLZ&crumb=Edge%3A+Too+Many+Requests
2025-02-19 07:16:35,530 - WARNING - Could not fetch data for MNMD: Expecting value: line 1 column 1 (char 0)
2025-02-19 07:16:35,534 - WARNING - Could not fetch data for MDXG: Expecting value: line 1 column 1 (char 0)
2025-02-19 07:16:35,549 - WARNING - Could not fetch data for MSFT: Expecting value: line 1 column 1 (char 0)
2025-02-19 07:16:35,564 - WARNING - Could not fetch data for NVDA: Expecting value: line 1 column 1 (char 0)
2025-02-19 07:16:35,567 - WARNING - Could not fetch data for MDLZ: Expecting value: line 1 column 1 (char 0)
2025-02-19 07:16:37,003 - ERROR - 429 Client Error: Too Many Requests for url: https://query2.finance.yahoo.com/v10/finance/quoteSummary/PACS?modules=financialData%2CquoteType%2CdefaultKeyStatistics%2CassetProfile%2CsummaryDetail&corsDomain=finance.yahoo.com&formatted=false&symbol=PACS&crumb=Edge%3A+Too+Many+Requests
2025-02-19 07:16:37,022 - ERROR - 429 Client Error: Too Many Requests for url: https://query2.finance.yahoo.com/v10/finance/quoteSummary/RNO?modules=financialData%2CquoteType%2CdefaultKeyStatistics%2CassetProfile%2CsummaryDetail&corsDomain=finance.yahoo.com&formatted=false&symbol=RNO&crumb=Edge%3A+Too+Many+Requests
2025-02-19 07:16:37,085 - ERROR - 429 Client Error: Too Many Requests for url: https://query2.finance.yahoo.com/v10/finance/quoteSummary/PRU?modules=financialData%2CquoteType%2CdefaultKeyStatistics%2CassetProfile%2CsummaryDetail&corsDomain=finance.yahoo.com&formatted=false&symbol=PRU&crumb=Edge%3A+Too+Many+Requests
2025-02-19 07:16:37,085 - ERROR - 429 Client Error: Too Many Requests for url: https://query2.finance.yahoo.com/v10/finance/quoteSummary/OGC?modules=financialData%2CquoteType%2CdefaultKeyStatistics%2CassetProfile%2CsummaryDetail&corsDomain=finance.yahoo.com&formatted=false&symbol=OGC&crumb=Edge%3A+Too+Many+Requests
2025-02-19 07:16:37,086 - ERROR - 429 Client Error: Too Many Requests for url: https://query2.finance.yahoo.com/v10/finance/quoteSummary/PFGC?modules=financialData%2CquoteType%2CdefaultKeyStatistics%2CassetProfile%2CsummaryDetail&corsDomain=finance.yahoo.com&formatted=false&symbol=PFGC&crumb=Edge%3A+Too+Many+Requests
2025-02-19 07:16:39,370 - WARNING - Could not fetch data for PFGC: Expecting value: line 1 column 1 (char 0)
2025-02-19 07:16:39,393 - WARNING - Could not fetch data for PACS: Expecting value: line 1 column 1 (char 0)
2025-02-19 07:16:39,401 - WARNING - Could not fetch data for RNO: Expecting value: line 1 column 1 (char 0)
2025-02-19 07:16:39,423 - WARNING - Could not fetch data for PRU: Expecting value: line 1 column 1 (char 0)
2025-02-19 07:16:39,429 - WARNING - Could not fetch data for OGC: Expecting value: line 1 column 1 (char 0)
2025-02-19 07:16:41,367 - ERROR - 429 Client Error: Too Many Requests for url: https://query2.finance.yahoo.com/v10/finance/quoteSummary/RCIB?modules=financialData%2CquoteType%2CdefaultKeyStatistics%2CassetProfile%2CsummaryDetail&corsDomain=finance.yahoo.com&formatted=false&symbol=RCIB&crumb=Edge%3A+Too+Many+Requests
2025-02-19 07:16:41,419 - ERROR - 429 Client Error: Too Many Requests for url: https://query2.finance.yahoo.com/v10/finance/quoteSummary/RCKT?modules=financialData%2CquoteType%2CdefaultKeyStatistics%2CassetProfile%2CsummaryDetail&corsDomain=finance.yahoo.com&formatted=false&symbol=RCKT&crumb=Edge%3A+Too+Many+Requests
2025-02-19 07:16:41,434 - ERROR - 429 Client Error: Too Many Requests for url: https://query2.finance.yahoo.com/v10/finance/quoteSummary/CRM?modules=financialData%2CquoteType%2CdefaultKeyStatistics%2CassetProfile%2CsummaryDetail&corsDomain=finance.yahoo.com&formatted=false&symbol=CRM&crumb=Edge%3A+Too+Many+Requests
2025-02-19 07:16:41,445 - ERROR - 429 Client Error: Too Many Requests for url: https://query2.finance.yahoo.com/v10/finance/quoteSummary/RLX?modules=financialData%2CquoteType%2CdefaultKeyStatistics%2CassetProfile%2CsummaryDetail&corsDomain=finance.yahoo.com&formatted=false&symbol=RLX&crumb=Edge%3A+Too+Many+Requests
2025-02-19 07:16:41,453 - ERROR - 429 Client Error: Too Many Requests for url: https://query2.finance.yahoo.com/v10/finance/quoteSummary/RCI?modules=financialData%2CquoteType%2CdefaultKeyStatistics%2CassetProfile%2CsummaryDetail&corsDomain=finance.yahoo.com&formatted=false&symbol=RCI&crumb=Edge%3A+Too+Many+Requests
2025-02-19 07:16:43,835 - WARNING - Could not fetch data for RCIB: Expecting value: line 1 column 1 (char 0)
2025-02-19 07:16:43,893 - WARNING - Could not fetch data for CRM: Expecting value: line 1 column 1 (char 0)
2025-02-19 07:16:43,898 - WARNING - Could not fetch data for RCI: Expecting value: line 1 column 1 (char 0)
2025-02-19 07:16:43,911 - WARNING - Could not fetch data for RCKT: Expecting value: line 1 column 1 (char 0)
2025-02-19 07:16:43,917 - WARNING - Could not fetch data for RLX: Expecting value: line 1 column 1 (char 0)
2025-02-19 07:16:47,154 - ERROR - 429 Client Error: Too Many Requests for url: https://query2.finance.yahoo.com/v10/finance/quoteSummary/GPCR?modules=financialData%2CquoteType%2CdefaultKeyStatistics%2CassetProfile%2CsummaryDetail&corsDomain=finance.yahoo.com&formatted=false&symbol=GPCR&crumb=Edge%3A+Too+Many+Requests
2025-02-19 07:16:47,155 - ERROR - 429 Client Error: Too Many Requests for url: https://query2.finance.yahoo.com/v10/finance/quoteSummary/SHOP?modules=financialData%2CquoteType%2CdefaultKeyStatistics%2CassetProfile%2CsummaryDetail&corsDomain=finance.yahoo.com&formatted=false&symbol=SHOP&crumb=Edge%3A+Too+Many+Requests
2025-02-19 07:16:47,157 - ERROR - 429 Client Error: Too Many Requests for url: https://query2.finance.yahoo.com/v10/finance/quoteSummary/SLB?modules=financialData%2CquoteType%2CdefaultKeyStatistics%2CassetProfile%2CsummaryDetail&corsDomain=finance.yahoo.com&formatted=false&symbol=SLB&crumb=Edge%3A+Too+Many+Requests
2025-02-19 07:16:47,158 - ERROR - 429 Client Error: Too Many Requests for url: https://query2.finance.yahoo.com/v10/finance/quoteSummary/SMCI?modules=financialData%2CquoteType%2CdefaultKeyStatistics%2CassetProfile%2CsummaryDetail&corsDomain=finance.yahoo.com&formatted=false&symbol=SMCI&crumb=Edge%3A+Too+Many+Requests
2025-02-19 07:16:47,161 - ERROR - 429 Client Error: Too Many Requests for url: https://query2.finance.yahoo.com/v10/finance/quoteSummary/SLP?modules=financialData%2CquoteType%2CdefaultKeyStatistics%2CassetProfile%2CsummaryDetail&corsDomain=finance.yahoo.com&formatted=false&symbol=SLP&crumb=Edge%3A+Too+Many+Requests
2025-02-19 07:16:50,077 - WARNING - Could not fetch data for SHOP: HTTPSConnectionPool(host='query1.finance.yahoo.com', port=443): Max retries exceeded with url: /ws/fundamentals-timeseries/v1/finance/timeseries/SHOP?symbol=SHOP&type=trailingPegRatio&period1=1724198400&period2=1740009600&crumb=Edge%3A+Too+Many+Requests (Caused by SSLError(SSLError(1, '[SSL: TLSV1_ALERT_DECODE_ERROR] tlsv1 alert decode error (_ssl.c:1028)')))
2025-02-19 07:16:50,166 - WARNING - Could not fetch data for GPCR: Expecting value: line 1 column 1 (char 0)
2025-02-19 07:16:50,219 - WARNING - Could not fetch data for SLP: Expecting value: line 1 column 1 (char 0)
2025-02-19 07:16:50,334 - WARNING - Could not fetch data for SLB: Expecting value: line 1 column 1 (char 0)
2025-02-19 07:16:50,353 - WARNING - Could not fetch data for SMCI: Expecting value: line 1 column 1 (char 0)
2025-02-19 07:16:51,748 - ERROR - 429 Client Error: Too Many Requests for url: https://query2.finance.yahoo.com/v10/finance/quoteSummary/SNDX?modules=financialData%2CquoteType%2CdefaultKeyStatistics%2CassetProfile%2CsummaryDetail&corsDomain=finance.yahoo.com&formatted=false&symbol=SNDX&crumb=Edge%3A+Too+Many+Requests
2025-02-19 07:16:51,765 - ERROR - 429 Client Error: Too Many Requests for url: https://query2.finance.yahoo.com/v10/finance/quoteSummary/TX?modules=financialData%2CquoteType%2CdefaultKeyStatistics%2CassetProfile%2CsummaryDetail&corsDomain=finance.yahoo.com&formatted=false&symbol=TX&crumb=Edge%3A+Too+Many+Requests
2025-02-19 07:16:51,800 - ERROR - 429 Client Error: Too Many Requests for url: https://query2.finance.yahoo.com/v10/finance/quoteSummary/TNC?modules=financialData%2CquoteType%2CdefaultKeyStatistics%2CassetProfile%2CsummaryDetail&corsDomain=finance.yahoo.com&formatted=false&symbol=TNC&crumb=Edge%3A+Too+Many+Requests
2025-02-19 07:16:51,807 - ERROR - 429 Client Error: Too Many Requests for url: https://query2.finance.yahoo.com/v10/finance/quoteSummary/TSLA?modules=financialData%2CquoteType%2CdefaultKeyStatistics%2CassetProfile%2CsummaryDetail&corsDomain=finance.yahoo.com&formatted=false&symbol=TSLA&crumb=Edge%3A+Too+Many+Requests
2025-02-19 07:16:51,827 - ERROR - 429 Client Error: Too Many Requests for url: https://query2.finance.yahoo.com/v10/finance/quoteSummary/SPB?modules=financialData%2CquoteType%2CdefaultKeyStatistics%2CassetProfile%2CsummaryDetail&corsDomain=finance.yahoo.com&formatted=false&symbol=SPB&crumb=Edge%3A+Too+Many+Requests
2025-02-19 07:16:54,710 - WARNING - Could not fetch data for SPB: Expecting value: line 1 column 1 (char 0)
2025-02-19 07:16:54,712 - WARNING - Could not fetch data for TX: Expecting value: line 1 column 1 (char 0)
2025-02-19 07:16:54,715 - WARNING - Could not fetch data for SNDX: Expecting value: line 1 column 1 (char 0)
2025-02-19 07:16:54,716 - WARNING - Could not fetch data for TSLA: Expecting value: line 1 column 1 (char 0)
2025-02-19 07:16:54,727 - WARNING - Could not fetch data for TNC: Expecting value: line 1 column 1 (char 0)
2025-02-19 07:16:56,714 - ERROR - 429 Client Error: Too Many Requests for url: https://query2.finance.yahoo.com/v10/finance/quoteSummary/UBER?modules=financialData%2CquoteType%2CdefaultKeyStatistics%2CassetProfile%2CsummaryDetail&corsDomain=finance.yahoo.com&formatted=false&symbol=UBER&crumb=Edge%3A+Too+Many+Requests
2025-02-19 07:16:56,725 - ERROR - 429 Client Error: Too Many Requests for url: https://query2.finance.yahoo.com/v10/finance/quoteSummary/TCOM?modules=financialData%2CquoteType%2CdefaultKeyStatistics%2CassetProfile%2CsummaryDetail&corsDomain=finance.yahoo.com&formatted=false&symbol=TCOM&crumb=Edge%3A+Too+Many+Requests
2025-02-19 07:16:56,742 - ERROR - 429 Client Error: Too Many Requests for url: https://query2.finance.yahoo.com/v10/finance/quoteSummary/TRVG?modules=financialData%2CquoteType%2CdefaultKeyStatistics%2CassetProfile%2CsummaryDetail&corsDomain=finance.yahoo.com&formatted=false&symbol=TRVG&crumb=Edge%3A+Too+Many+Requests
2025-02-19 07:16:56,753 - ERROR - 429 Client Error: Too Many Requests for url: https://query2.finance.yahoo.com/v10/finance/quoteSummary/TWLO?modules=financialData%2CquoteType%2CdefaultKeyStatistics%2CassetProfile%2CsummaryDetail&corsDomain=finance.yahoo.com&formatted=false&symbol=TWLO&crumb=Edge%3A+Too+Many+Requests
2025-02-19 07:16:56,757 - ERROR - 429 Client Error: Too Many Requests for url: https://query2.finance.yahoo.com/v10/finance/quoteSummary/TSU?modules=financialData%2CquoteType%2CdefaultKeyStatistics%2CassetProfile%2CsummaryDetail&corsDomain=finance.yahoo.com&formatted=false&symbol=TSU&crumb=Edge%3A+Too+Many+Requests
2025-02-19 07:16:59,783 - WARNING - Could not fetch data for TCOM: Expecting value: line 1 column 1 (char 0)
2025-02-19 07:16:59,784 - WARNING - Could not fetch data for UBER: Expecting value: line 1 column 1 (char 0)
2025-02-19 07:16:59,789 - WARNING - Could not fetch data for TWLO: Expecting value: line 1 column 1 (char 0)
2025-02-19 07:16:59,791 - WARNING - Could not fetch data for TRVG: Expecting value: line 1 column 1 (char 0)
2025-02-19 07:16:59,793 - WARNING - Could not fetch data for TSU: Expecting value: line 1 column 1 (char 0)
2025-02-19 07:17:02,174 - ERROR - 429 Client Error: Too Many Requests for url: https://query2.finance.yahoo.com/v10/finance/quoteSummary/WELL?modules=financialData%2CquoteType%2CdefaultKeyStatistics%2CassetProfile%2CsummaryDetail&corsDomain=finance.yahoo.com&formatted=false&symbol=WELL&crumb=Edge%3A+Too+Many+Requests
2025-02-19 07:17:02,175 - ERROR - 429 Client Error: Too Many Requests for url: https://query2.finance.yahoo.com/v10/finance/quoteSummary/UTZ?modules=financialData%2CquoteType%2CdefaultKeyStatistics%2CassetProfile%2CsummaryDetail&corsDomain=finance.yahoo.com&formatted=false&symbol=UTZ&crumb=Edge%3A+Too+Many+Requests
2025-02-19 07:17:02,176 - ERROR - 429 Client Error: Too Many Requests for url: https://query2.finance.yahoo.com/v10/finance/quoteSummary/UAL?modules=financialData%2CquoteType%2CdefaultKeyStatistics%2CassetProfile%2CsummaryDetail&corsDomain=finance.yahoo.com&formatted=false&symbol=UAL&crumb=Edge%3A+Too+Many+Requests
2025-02-19 07:17:02,177 - ERROR - 429 Client Error: Too Many Requests for url: https://query2.finance.yahoo.com/v10/finance/quoteSummary/UPWK?modules=financialData%2CquoteType%2CdefaultKeyStatistics%2CassetProfile%2CsummaryDetail&corsDomain=finance.yahoo.com&formatted=false&symbol=UPWK&crumb=Edge%3A+Too+Many+Requests
2025-02-19 07:17:02,177 - ERROR - 429 Client Error: Too Many Requests for url: https://query2.finance.yahoo.com/v10/finance/quoteSummary/WCP?modules=financialData%2CquoteType%2CdefaultKeyStatistics%2CassetProfile%2CsummaryDetail&corsDomain=finance.yahoo.com&formatted=false&symbol=WCP&crumb=Edge%3A+Too+Many+Requests
2025-02-19 07:17:03,232 - WARNING - Could not fetch data for WELL: Expecting value: line 1 column 1 (char 0)
2025-02-19 07:17:03,243 - WARNING - Could not fetch data for UTZ: Expecting value: line 1 column 1 (char 0)
2025-02-19 07:17:03,251 - WARNING - Could not fetch data for WCP: Expecting value: line 1 column 1 (char 0)
2025-02-19 07:17:03,261 - WARNING - Could not fetch data for UAL: Expecting value: line 1 column 1 (char 0)
2025-02-19 07:17:03,265 - WARNING - Could not fetch data for UPWK: Expecting value: line 1 column 1 (char 0)
2025-02-19 07:17:04,219 - ERROR - 429 Client Error: Too Many Requests for url: https://query2.finance.yahoo.com/v10/finance/quoteSummary/XPO?modules=financialData%2CquoteType%2CdefaultKeyStatistics%2CassetProfile%2CsummaryDetail&corsDomain=finance.yahoo.com&formatted=false&symbol=XPO&crumb=Edge%3A+Too+Many+Requests
2025-02-19 07:17:06,333 - WARNING - Could not fetch data for XPO: Expecting value: line 1 column 1 (char 0)
2025-02-19 07:17:06,337 - INFO - 
Market Data Summary:
2025-02-19 07:17:06,337 - INFO - Total companies: 86
2025-02-19 07:17:06,338 - INFO - Companies with analyst data: 0
2025-02-19 07:17:06,338 - INFO - Companies without data: 86
2025-02-19 07:17:06,338 - INFO - 
Results saved to: results/market_data_20250219_071531.csv
2025-02-19 07:17:06,338 - INFO - Archive directory: results/archive/market

2025-02-19 07:17:06,438 - INFO - Completed scripts/b_collect_market.py in 95.8 seconds
2025-02-19 07:17:07,449 - INFO - 
Executing scripts/c_bayesian_model.py...
2025-02-19 07:17:10,314 - ERROR - Traceback (most recent call last):
  File "/Users/davideconsiglio/Library/Mobile Documents/com~apple~CloudDocs/Portfolio tracker/sentiment_analysis/venv/lib/python3.13/site-packages/aesara/configparser.py", line 237, in fetch_val_for_key
    return self._aesara_cfg.get(section, option)
           ~~~~~~~~~~~~~~~~~~~~^^^^^^^^^^^^^^^^^
  File "/opt/homebrew/Cellar/python@3.13/3.13.2/Frameworks/Python.framework/Versions/3.13/lib/python3.13/configparser.py", line 810, in get
    d = self._unify_values(section, vars)
  File "/opt/homebrew/Cellar/python@3.13/3.13.2/Frameworks/Python.framework/Versions/3.13/lib/python3.13/configparser.py", line 1184, in _unify_values
    raise NoSectionError(section) from None
configparser.NoSectionError: No section: 'blas'

During handling of the above exception, another exception occurred:

Traceback (most recent call last):
  File "/Users/davideconsiglio/Library/Mobile Documents/com~apple~CloudDocs/Portfolio tracker/sentiment_analysis/venv/lib/python3.13/site-packages/aesara/configparser.py", line 353, in __get__
    val_str = cls.fetch_val_for_key(self.name, delete_key=delete_key)
  File "/Users/davideconsiglio/Library/Mobile Documents/com~apple~CloudDocs/Portfolio tracker/sentiment_analysis/venv/lib/python3.13/site-packages/aesara/configparser.py", line 241, in fetch_val_for_key
    raise KeyError(key)
KeyError: 'blas__ldflags'

During handling of the above exception, another exception occurred:

Traceback (most recent call last):
  File "/Users/davideconsiglio/Library/Mobile Documents/com~apple~CloudDocs/Portfolio tracker/sentiment_analysis/scripts/c_bayesian_model.py", line 17, in <module>
    import pymc as pm
  File "/Users/davideconsiglio/Library/Mobile Documents/com~apple~CloudDocs/Portfolio tracker/sentiment_analysis/venv/lib/python3.13/site-packages/pymc/__init__.py", line 47, in <module>
    __set_compiler_flags()
    ~~~~~~~~~~~~~~~~~~~~^^
  File "/Users/davideconsiglio/Library/Mobile Documents/com~apple~CloudDocs/Portfolio tracker/sentiment_analysis/venv/lib/python3.13/site-packages/pymc/__init__.py", line 30, in __set_compiler_flags
    import aesara
  File "/Users/davideconsiglio/Library/Mobile Documents/com~apple~CloudDocs/Portfolio tracker/sentiment_analysis/venv/lib/python3.13/site-packages/aesara/__init__.py", line 120, in <module>
    from aesara import scalar, tensor
  File "/Users/davideconsiglio/Library/Mobile Documents/com~apple~CloudDocs/Portfolio tracker/sentiment_analysis/venv/lib/python3.13/site-packages/aesara/tensor/__init__.py", line 105, in <module>
    from aesara.tensor import (  # noqa
    ...<5 lines>...
    )
  File "/Users/davideconsiglio/Library/Mobile Documents/com~apple~CloudDocs/Portfolio tracker/sentiment_analysis/venv/lib/python3.13/site-packages/aesara/tensor/blas.py", line 162, in <module>
    from aesara.tensor.blas_headers import blas_header_text, blas_header_version
  File "/Users/davideconsiglio/Library/Mobile Documents/com~apple~CloudDocs/Portfolio tracker/sentiment_analysis/venv/lib/python3.13/site-packages/aesara/tensor/blas_headers.py", line 1015, in <module>
    if not config.blas__ldflags:
           ^^^^^^^^^^^^^^^^^^^^
  File "/Users/davideconsiglio/Library/Mobile Documents/com~apple~CloudDocs/Portfolio tracker/sentiment_analysis/venv/lib/python3.13/site-packages/aesara/configparser.py", line 357, in __get__
    val_str = self.default()
  File "/Users/davideconsiglio/Library/Mobile Documents/com~apple~CloudDocs/Portfolio tracker/sentiment_analysis/venv/lib/python3.13/site-packages/aesara/link/c/cmodule.py", line 2711, in default_blas_ldflags
    blas_info = np.__config__.get_info("blas_opt")
                ^^^^^^^^^^^^^^^^^^^^^^
AttributeError: module 'numpy.__config__' has no attribute 'get_info'

2025-02-19 07:17:10,314 - INFO - Completed scripts/c_bayesian_model.py in 2.9 seconds
2025-02-19 07:17:11,324 - INFO - 
Executing scripts/d_consolidate_data.py...
2025-02-19 07:17:11,759 - INFO - 
Starting data consolidation...

Data consolidation complete!

2025-02-19 07:17:11,759 - ERROR - 2025-02-19 07:17:11,708 - INFO - 
Data Consolidation Summary:
2025-02-19 07:17:11,708 - INFO - Total companies: 86
2025-02-19 07:17:11,708 - INFO - Companies with complete data: 0
2025-02-19 07:17:11,709 - INFO - 
Results saved to: results/master_output_20250219_071711.csv
2025-02-19 07:17:11,709 - INFO - Archive directory: results/archive/master

2025-02-19 07:17:11,759 - INFO - Completed scripts/d_consolidate_data.py in 0.4 seconds
2025-02-19 07:17:12,765 - INFO - 
Executing scripts/e_generate_dashboard.py...
2025-02-19 07:17:14,516 - INFO - 
Starting dashboard generation...

Dashboard generation complete!

2025-02-19 07:17:14,516 - ERROR - /Users/davideconsiglio/Library/Mobile Documents/com~apple~CloudDocs/Portfolio tracker/sentiment_analysis/scripts/e_generate_dashboard.py:355: SyntaxWarning: invalid escape sequence '\.'
  html_template += """
2025-02-19 07:17:13,246 - INFO - Loaded master data with 86 rows
2025-02-19 07:17:13,246 - INFO - Columns: ticker, company, date_range, total_articles, average_sentiment, sentiment_std, last_week_sentiment, last_month_sentiment, positive_ratio, negative_ratio, latest_update, current_price, target_median, target_mean, target_low, target_high, num_analysts, recommendation, potential_return, week_return, volume, avg_volume, market_cap, beta, timestamp, data_version, sentiment_change, trend, days_of_history
2025-02-19 07:17:14,237 - INFO - 
Dashboard generated and opened: results/market_report_20250219_071713.html
2025-02-19 07:17:14,237 - INFO - Archive directory: results/archive/reports

2025-02-19 07:17:14,517 - INFO - Completed scripts/e_generate_dashboard.py in 1.8 seconds
2025-02-19 07:17:15,524 - INFO - 
=== Workflow Summary ===
2025-02-19 07:17:15,525 - INFO - 
Execution Results:
2025-02-19 07:17:15,535 - INFO - +-------------------------+----------+------------+
| Module                  | Status   | Duration   |
+=========================+==========+============+
| a_collect_sentiment.py  | ✓        | 474.1s     |
+-------------------------+----------+------------+
| b_collect_market.py     | ✓        | 95.8s      |
+-------------------------+----------+------------+
| c_bayesian_model.py     | ✗        | 2.9s       |
+-------------------------+----------+------------+
| d_consolidate_data.py   | ✓        | 0.4s       |
+-------------------------+----------+------------+
| e_generate_dashboard.py | ✓        | 1.8s       |
+-------------------------+----------+------------+
| Total                   |          | 580.0s     |
+-------------------------+----------+------------+
