2025-02-18 09:34:58,217 - INFO - Starting market analysis workflow...
2025-02-18 09:34:58,218 - INFO - 
Executing scripts/a_collect_sentiment.py...
2025-02-18 09:46:10,139 - INFO - 
Starting sentiment analysis...

Processing ADEN (ADENTRA Inc.)...
No news found for ADEN

Processing AAV (Advantage Energy Ltd.)...
No news found for AAV

Processing GOOGL (Alphabet Inc.)...

Processing AMZN (Amazon.com Inc.)...

Processing AMTM (Amentum Holdings Inc.)...

Processing ARCO (Arcos Dorados Holdings Inc.)...

Processing ASTH (Astrana Health Inc.)...

Processing AXON (Axon Enterprise Inc.)...

Processing BDGI (Badger Infrastructure Solutions Ltd.)...
No news found for BDGI

Processing BILL (BILL Holdings Inc.)...

Processing BIIB (Biogen Inc.)...

Processing BRZE (Braze Inc.)...

Processing BRNG (WisdomTree Brent Oil)...
No news found for BRNG

Processing AVGO (Broadcom Inc.)...

Processing CLDX (Celldex Therapeutics Inc.)...

Processing CVE (Cenovus Energy Ltd.)...

Processing CG (Centerra Gold Inc.)...

Processing CHMI (Cherry Hill Mortgage Investment Corporation)...

Processing CIVI (Civitas Resources Inc.)...

Processing CMPS (COMPASS Pathways plc)...

Processing STZ (Constellation Brands Inc.)...

Processing COUR (Coursera Inc.)...

Processing CURA (Curaleaf Holdings Inc.)...
No news found for CURA

Processing DHR (Danaher Corporation)...

Processing DDOG (Datadog Inc.)...

Processing DVN (Devon Energy Corporation)...

Processing DXCM (DexCom Inc.)...

Processing DIRUN (Dream Industrial Real Estate Investment Trust)...
No news found for DIRUN

Processing EVH (Evolent Health Inc.)...

Processing EIF (Exchange Income Corporation)...
No news found for EIF

Processing FSLR (First Solar Inc.)...

Processing G (Assicurazioni Generali S.p.A.)...

Processing HAL (Halliburton Company)...

Processing HQY (HealthEquity Inc.)...

Processing HBM (Hudbay Minerals Inc.)...

Processing IDYA (IDEAYA Biosciences Inc.)...

Processing IMCR (Immunocore Holdings plc)...
No news found for IMCR

Processing IMVT (Immunovant Inc.)...

Processing INSW (International Seaways Inc.)...

Processing EMV (iShares MSCI EM Min Volatility ETF)...
No news found for EMV

Processing AGED (iShares Ageing Population ETF)...
No news found for AGED

Processing IWDA (iShares Core MSCI World ETF)...
No news found for IWDA

Processing KNT (K92 Mining Inc.)...
No news found for KNT

Processing LW (Lamb Weston Holdings Inc.)...

Processing LVO (LiveOne Inc.)...

Processing LKQ (LKQ Corporation)...

Processing MRVL (Marvell Technology Inc.)...

Processing MA (Mastercard Incorporated)...

Processing META (Meta Platforms Inc.)...

Processing MU (Micron Technology Inc.)...

Processing MSFT (Microsoft Corporation)...

Processing MDXG (MiMedx Group Inc.)...

Processing MNMD (Mind Medicine (MindMed) Inc.)...

Processing MDLZ (Mondelez International Inc.)...

Processing NVDA (NVIDIA Corporation)...

Processing OGC (OceanaGold Corporation)...
No news found for OGC

Processing PACS (PACS Group Inc.)...

Processing PFGC (Performance Food Group Company)...

Processing PRU (Prudential Financial Inc.)...

Processing RNO (Renault SA)...
No news found for RNO

Processing RLX (RLX Technology Inc.)...
No news found for RLX

Processing RCKT (Rocket Pharmaceuticals Inc.)...

Processing RCIB (Rogers Communications Inc.)...
No news found for RCIB

Processing RCI (Rogers Communications Inc.)...

Processing CRM (Salesforce Inc.)...

Processing SHOP (Shopify Inc.)...

Processing SLP (Simulations Plus Inc.)...

Processing SLB (Schlumberger Limited)...

Processing GPCR (Structure Therapeutics Inc.)...

Processing SMCI (Super Micro Computer Inc.)...

Processing SPB (Superior Plus Corp.)...

Processing SNDX (Syndax Pharmaceuticals Inc.)...

Processing TNC (Tennant Company)...

Processing TX (Ternium S.A.)...

Processing TSLA (Tesla Inc.)...

Processing TCOM (Trip.com Group Limited)...
Error getting news for TCOM: HTTPSConnectionPool(host='api.finnhub.io', port=443): Read timed out. (read timeout=10)
No news found for TCOM

Processing TSU (Trisura Group Ltd.)...
Error getting news for TSU: HTTPSConnectionPool(host='api.finnhub.io', port=443): Max retries exceeded with url: /api/v1//company-news?token=cu0qch9r01qjiermd96gcu0qch9r01qjiermd970&symbol=TSU&from=2025-01-19&to=2025-02-18 (Caused by NameResolutionError("<urllib3.connection.HTTPSConnection object at 0x15fa9e710>: Failed to resolve 'api.finnhub.io' ([Errno 8] nodename nor servname provided, or not known)"))
No news found for TSU

Processing TRVG (trivago N.V.)...
Error getting news for TRVG: HTTPSConnectionPool(host='api.finnhub.io', port=443): Max retries exceeded with url: /api/v1//company-news?token=cu0qch9r01qjiermd96gcu0qch9r01qjiermd970&symbol=TRVG&from=2025-01-19&to=2025-02-18 (Caused by NameResolutionError("<urllib3.connection.HTTPSConnection object at 0x15fa9e990>: Failed to resolve 'api.finnhub.io' ([Errno 8] nodename nor servname provided, or not known)"))
No news found for TRVG

Processing TWLO (Twilio Inc.)...
Error getting news for TWLO: HTTPSConnectionPool(host='api.finnhub.io', port=443): Max retries exceeded with url: /api/v1//company-news?token=cu0qch9r01qjiermd96gcu0qch9r01qjiermd970&symbol=TWLO&from=2025-01-19&to=2025-02-18 (Caused by NameResolutionError("<urllib3.connection.HTTPSConnection object at 0x15fa9ed50>: Failed to resolve 'api.finnhub.io' ([Errno 8] nodename nor servname provided, or not known)"))
No news found for TWLO

Processing UBER (Uber Technologies Inc.)...
Error getting news for UBER: HTTPSConnectionPool(host='api.finnhub.io', port=443): Max retries exceeded with url: /api/v1//company-news?token=cu0qch9r01qjiermd96gcu0qch9r01qjiermd970&symbol=UBER&from=2025-01-19&to=2025-02-18 (Caused by NameResolutionError("<urllib3.connection.HTTPSConnection object at 0x15fa9f110>: Failed to resolve 'api.finnhub.io' ([Errno 8] nodename nor servname provided, or not known)"))
No news found for UBER

Processing UAL (United Airlines Holdings Inc.)...
Error getting news for UAL: HTTPSConnectionPool(host='api.finnhub.io', port=443): Max retries exceeded with url: /api/v1//company-news?token=cu0qch9r01qjiermd96gcu0qch9r01qjiermd970&symbol=UAL&from=2025-01-19&to=2025-02-18 (Caused by NameResolutionError("<urllib3.connection.HTTPSConnection object at 0x15fa9f4d0>: Failed to resolve 'api.finnhub.io' ([Errno 8] nodename nor servname provided, or not known)"))
No news found for UAL

Processing UPWK (Upwork Inc.)...
Error getting news for UPWK: HTTPSConnectionPool(host='api.finnhub.io', port=443): Max retries exceeded with url: /api/v1//company-news?token=cu0qch9r01qjiermd96gcu0qch9r01qjiermd970&symbol=UPWK&from=2025-01-19&to=2025-02-18 (Caused by NameResolutionError("<urllib3.connection.HTTPSConnection object at 0x15fa9f890>: Failed to resolve 'api.finnhub.io' ([Errno 8] nodename nor servname provided, or not known)"))
No news found for UPWK

Processing UTZ (Utz Brands Inc.)...
Error getting news for UTZ: HTTPSConnectionPool(host='api.finnhub.io', port=443): Max retries exceeded with url: /api/v1//company-news?token=cu0qch9r01qjiermd96gcu0qch9r01qjiermd970&symbol=UTZ&from=2025-01-19&to=2025-02-18 (Caused by NameResolutionError("<urllib3.connection.HTTPSConnection object at 0x15fa9fc50>: Failed to resolve 'api.finnhub.io' ([Errno 8] nodename nor servname provided, or not known)"))
No news found for UTZ

Processing WELL (WELL Health Technologies Corp.)...
Error getting news for WELL: HTTPSConnectionPool(host='api.finnhub.io', port=443): Max retries exceeded with url: /api/v1//company-news?token=cu0qch9r01qjiermd96gcu0qch9r01qjiermd970&symbol=WELL&from=2025-01-19&to=2025-02-18 (Caused by NameResolutionError("<urllib3.connection.HTTPSConnection object at 0x38da34050>: Failed to resolve 'api.finnhub.io' ([Errno 8] nodename nor servname provided, or not known)"))
No news found for WELL

Processing WCP (Whitecap Resources Inc.)...
Error getting news for WCP: HTTPSConnectionPool(host='api.finnhub.io', port=443): Max retries exceeded with url: /api/v1//company-news?token=cu0qch9r01qjiermd96gcu0qch9r01qjiermd970&symbol=WCP&from=2025-01-19&to=2025-02-18 (Caused by NameResolutionError("<urllib3.connection.HTTPSConnection object at 0x38da34410>: Failed to resolve 'api.finnhub.io' ([Errno 8] nodename nor servname provided, or not known)"))
No news found for WCP

Processing XPO (XPO Inc.)...
Error getting news for XPO: HTTPSConnectionPool(host='api.finnhub.io', port=443): Max retries exceeded with url: /api/v1//company-news?token=cu0qch9r01qjiermd96gcu0qch9r01qjiermd970&symbol=XPO&from=2025-01-19&to=2025-02-18 (Caused by NameResolutionError("<urllib3.connection.HTTPSConnection object at 0x38da347d0>: Failed to resolve 'api.finnhub.io' ([Errno 8] nodename nor servname provided, or not known)"))
No news found for XPO

Sentiment Analysis Summary:
Total articles processed: 2574
Companies analyzed: 59

Results saved to:
- Detailed results: results/sentiment_detailed_20250218_093506.csv
- Summary results: results/sentiment_summary_20250218_093506.csv
- Archive directory: results/archive/sentiment
- Historical database: database

Sentiment analysis complete!

2025-02-18 09:46:10,140 - ERROR - Device set to use mps:0
2025-02-18 09:46:07,555 - INFO - Saved sentiment data for 20250218
2025-02-18 09:46:07,555 - INFO - - Detailed data: database/sentiment/detailed/sentiment_detailed_20250218.csv
2025-02-18 09:46:07,555 - INFO - - Summary data: database/sentiment/summary/sentiment_summary_20250218.csv

2025-02-18 09:46:10,140 - INFO - Completed scripts/a_collect_sentiment.py in 671.9 seconds
2025-02-18 09:46:11,147 - INFO - 
Executing scripts/b_collect_market.py...
2025-02-18 09:46:13,099 - INFO - 
Starting market data collection...

Market data collection complete!

2025-02-18 09:46:13,099 - ERROR - 2025-02-18 09:46:12,710 - WARNING - Could not fetch data for ADEN: HTTPSConnectionPool(host='query1.finance.yahoo.com', port=443): Max retries exceeded with url: /v1/test/getcrumb (Caused by NameResolutionError("<urllib3.connection.HTTPSConnection object at 0x109e8dbe0>: Failed to resolve 'query1.finance.yahoo.com' ([Errno 8] nodename nor servname provided, or not known)"))
2025-02-18 09:46:12,717 - WARNING - Could not fetch data for AAV: HTTPSConnectionPool(host='query1.finance.yahoo.com', port=443): Max retries exceeded with url: /v1/test/getcrumb (Caused by NameResolutionError("<urllib3.connection.HTTPSConnection object at 0x109ebcf50>: Failed to resolve 'query1.finance.yahoo.com' ([Errno 8] nodename nor servname provided, or not known)"))
2025-02-18 09:46:12,725 - WARNING - Could not fetch data for GOOGL: HTTPSConnectionPool(host='query1.finance.yahoo.com', port=443): Max retries exceeded with url: /v1/test/getcrumb (Caused by NameResolutionError("<urllib3.connection.HTTPSConnection object at 0x109ebd6d0>: Failed to resolve 'query1.finance.yahoo.com' ([Errno 8] nodename nor servname provided, or not known)"))
2025-02-18 09:46:12,731 - WARNING - Could not fetch data for AMZN: HTTPSConnectionPool(host='query1.finance.yahoo.com', port=443): Max retries exceeded with url: /v1/test/getcrumb (Caused by NameResolutionError("<urllib3.connection.HTTPSConnection object at 0x109ebdbd0>: Failed to resolve 'query1.finance.yahoo.com' ([Errno 8] nodename nor servname provided, or not known)"))
2025-02-18 09:46:12,735 - WARNING - Could not fetch data for AMTM: HTTPSConnectionPool(host='query1.finance.yahoo.com', port=443): Max retries exceeded with url: /v1/test/getcrumb (Caused by NameResolutionError("<urllib3.connection.HTTPSConnection object at 0x109ebe0d0>: Failed to resolve 'query1.finance.yahoo.com' ([Errno 8] nodename nor servname provided, or not known)"))
2025-02-18 09:46:12,741 - WARNING - Could not fetch data for ARCO: HTTPSConnectionPool(host='query1.finance.yahoo.com', port=443): Max retries exceeded with url: /v1/test/getcrumb (Caused by NameResolutionError("<urllib3.connection.HTTPSConnection object at 0x109ebe5d0>: Failed to resolve 'query1.finance.yahoo.com' ([Errno 8] nodename nor servname provided, or not known)"))
2025-02-18 09:46:12,747 - WARNING - Could not fetch data for ASTH: HTTPSConnectionPool(host='query1.finance.yahoo.com', port=443): Max retries exceeded with url: /v1/test/getcrumb (Caused by NameResolutionError("<urllib3.connection.HTTPSConnection object at 0x109ebead0>: Failed to resolve 'query1.finance.yahoo.com' ([Errno 8] nodename nor servname provided, or not known)"))
2025-02-18 09:46:12,761 - WARNING - Could not fetch data for AXON: HTTPSConnectionPool(host='query1.finance.yahoo.com', port=443): Max retries exceeded with url: /v1/test/getcrumb (Caused by NameResolutionError("<urllib3.connection.HTTPSConnection object at 0x109ebefd0>: Failed to resolve 'query1.finance.yahoo.com' ([Errno 8] nodename nor servname provided, or not known)"))
2025-02-18 09:46:12,782 - WARNING - Could not fetch data for BDGI: HTTPSConnectionPool(host='query1.finance.yahoo.com', port=443): Max retries exceeded with url: /v1/test/getcrumb (Caused by NameResolutionError("<urllib3.connection.HTTPSConnection object at 0x109ebf4d0>: Failed to resolve 'query1.finance.yahoo.com' ([Errno 8] nodename nor servname provided, or not known)"))
2025-02-18 09:46:12,805 - WARNING - Could not fetch data for BILL: HTTPSConnectionPool(host='query1.finance.yahoo.com', port=443): Max retries exceeded with url: /v1/test/getcrumb (Caused by NameResolutionError("<urllib3.connection.HTTPSConnection object at 0x109ebf9d0>: Failed to resolve 'query1.finance.yahoo.com' ([Errno 8] nodename nor servname provided, or not known)"))
2025-02-18 09:46:12,813 - WARNING - Could not fetch data for BIIB: HTTPSConnectionPool(host='query1.finance.yahoo.com', port=443): Max retries exceeded with url: /v1/test/getcrumb (Caused by NameResolutionError("<urllib3.connection.HTTPSConnection object at 0x109ebfed0>: Failed to resolve 'query1.finance.yahoo.com' ([Errno 8] nodename nor servname provided, or not known)"))
2025-02-18 09:46:12,814 - WARNING - Could not fetch data for BRZE: HTTPSConnectionPool(host='query1.finance.yahoo.com', port=443): Max retries exceeded with url: /v1/test/getcrumb (Caused by NameResolutionError("<urllib3.connection.HTTPSConnection object at 0x109efc410>: Failed to resolve 'query1.finance.yahoo.com' ([Errno 8] nodename nor servname provided, or not known)"))
2025-02-18 09:46:12,815 - WARNING - Could not fetch data for BRNG: HTTPSConnectionPool(host='query1.finance.yahoo.com', port=443): Max retries exceeded with url: /v1/test/getcrumb (Caused by NameResolutionError("<urllib3.connection.HTTPSConnection object at 0x109efc910>: Failed to resolve 'query1.finance.yahoo.com' ([Errno 8] nodename nor servname provided, or not known)"))
2025-02-18 09:46:12,816 - WARNING - Could not fetch data for AVGO: HTTPSConnectionPool(host='query1.finance.yahoo.com', port=443): Max retries exceeded with url: /v1/test/getcrumb (Caused by NameResolutionError("<urllib3.connection.HTTPSConnection object at 0x109efce10>: Failed to resolve 'query1.finance.yahoo.com' ([Errno 8] nodename nor servname provided, or not known)"))
2025-02-18 09:46:12,818 - WARNING - Could not fetch data for CLDX: HTTPSConnectionPool(host='query1.finance.yahoo.com', port=443): Max retries exceeded with url: /v1/test/getcrumb (Caused by NameResolutionError("<urllib3.connection.HTTPSConnection object at 0x109efd310>: Failed to resolve 'query1.finance.yahoo.com' ([Errno 8] nodename nor servname provided, or not known)"))
2025-02-18 09:46:12,819 - WARNING - Could not fetch data for CVE: HTTPSConnectionPool(host='query1.finance.yahoo.com', port=443): Max retries exceeded with url: /v1/test/getcrumb (Caused by NameResolutionError("<urllib3.connection.HTTPSConnection object at 0x109ebfc50>: Failed to resolve 'query1.finance.yahoo.com' ([Errno 8] nodename nor servname provided, or not known)"))
2025-02-18 09:46:12,820 - WARNING - Could not fetch data for CG: HTTPSConnectionPool(host='query1.finance.yahoo.com', port=443): Max retries exceeded with url: /v1/test/getcrumb (Caused by NameResolutionError("<urllib3.connection.HTTPSConnection object at 0x109ebf750>: Failed to resolve 'query1.finance.yahoo.com' ([Errno 8] nodename nor servname provided, or not known)"))
2025-02-18 09:46:12,821 - WARNING - Could not fetch data for CHMI: HTTPSConnectionPool(host='query1.finance.yahoo.com', port=443): Max retries exceeded with url: /v1/test/getcrumb (Caused by NameResolutionError("<urllib3.connection.HTTPSConnection object at 0x109ebf250>: Failed to resolve 'query1.finance.yahoo.com' ([Errno 8] nodename nor servname provided, or not known)"))
2025-02-18 09:46:12,822 - WARNING - Could not fetch data for CIVI: HTTPSConnectionPool(host='query1.finance.yahoo.com', port=443): Max retries exceeded with url: /v1/test/getcrumb (Caused by NameResolutionError("<urllib3.connection.HTTPSConnection object at 0x109ebed50>: Failed to resolve 'query1.finance.yahoo.com' ([Errno 8] nodename nor servname provided, or not known)"))
2025-02-18 09:46:12,822 - WARNING - Could not fetch data for CMPS: HTTPSConnectionPool(host='query1.finance.yahoo.com', port=443): Max retries exceeded with url: /v1/test/getcrumb (Caused by NameResolutionError("<urllib3.connection.HTTPSConnection object at 0x109ebe850>: Failed to resolve 'query1.finance.yahoo.com' ([Errno 8] nodename nor servname provided, or not known)"))
2025-02-18 09:46:12,823 - WARNING - Could not fetch data for STZ: HTTPSConnectionPool(host='query1.finance.yahoo.com', port=443): Max retries exceeded with url: /v1/test/getcrumb (Caused by NameResolutionError("<urllib3.connection.HTTPSConnection object at 0x109ebe350>: Failed to resolve 'query1.finance.yahoo.com' ([Errno 8] nodename nor servname provided, or not known)"))
2025-02-18 09:46:12,824 - WARNING - Could not fetch data for COUR: HTTPSConnectionPool(host='query1.finance.yahoo.com', port=443): Max retries exceeded with url: /v1/test/getcrumb (Caused by NameResolutionError("<urllib3.connection.HTTPSConnection object at 0x109ebde50>: Failed to resolve 'query1.finance.yahoo.com' ([Errno 8] nodename nor servname provided, or not known)"))
2025-02-18 09:46:12,824 - WARNING - Could not fetch data for CURA: HTTPSConnectionPool(host='query1.finance.yahoo.com', port=443): Max retries exceeded with url: /v1/test/getcrumb (Caused by NameResolutionError("<urllib3.connection.HTTPSConnection object at 0x109ebd950>: Failed to resolve 'query1.finance.yahoo.com' ([Errno 8] nodename nor servname provided, or not known)"))
2025-02-18 09:46:12,825 - WARNING - Could not fetch data for DHR: HTTPSConnectionPool(host='query1.finance.yahoo.com', port=443): Max retries exceeded with url: /v1/test/getcrumb (Caused by NameResolutionError("<urllib3.connection.HTTPSConnection object at 0x109ebd6d0>: Failed to resolve 'query1.finance.yahoo.com' ([Errno 8] nodename nor servname provided, or not known)"))
2025-02-18 09:46:12,826 - WARNING - Could not fetch data for DDOG: HTTPSConnectionPool(host='query1.finance.yahoo.com', port=443): Max retries exceeded with url: /v1/test/getcrumb (Caused by NameResolutionError("<urllib3.connection.HTTPSConnection object at 0x109ebce10>: Failed to resolve 'query1.finance.yahoo.com' ([Errno 8] nodename nor servname provided, or not known)"))
2025-02-18 09:46:12,827 - WARNING - Could not fetch data for DVN: HTTPSConnectionPool(host='query1.finance.yahoo.com', port=443): Max retries exceeded with url: /v1/test/getcrumb (Caused by NameResolutionError("<urllib3.connection.HTTPSConnection object at 0x109ebc050>: Failed to resolve 'query1.finance.yahoo.com' ([Errno 8] nodename nor servname provided, or not known)"))
2025-02-18 09:46:12,827 - WARNING - Could not fetch data for DXCM: HTTPSConnectionPool(host='query1.finance.yahoo.com', port=443): Max retries exceeded with url: /v1/test/getcrumb (Caused by NameResolutionError("<urllib3.connection.HTTPSConnection object at 0x109ebcb90>: Failed to resolve 'query1.finance.yahoo.com' ([Errno 8] nodename nor servname provided, or not known)"))
2025-02-18 09:46:12,828 - WARNING - Could not fetch data for DIRUN: HTTPSConnectionPool(host='query1.finance.yahoo.com', port=443): Max retries exceeded with url: /v1/test/getcrumb (Caused by NameResolutionError("<urllib3.connection.HTTPSConnection object at 0x109e4f610>: Failed to resolve 'query1.finance.yahoo.com' ([Errno 8] nodename nor servname provided, or not known)"))
2025-02-18 09:46:12,829 - WARNING - Could not fetch data for EVH: HTTPSConnectionPool(host='query1.finance.yahoo.com', port=443): Max retries exceeded with url: /v1/test/getcrumb (Caused by NameResolutionError("<urllib3.connection.HTTPSConnection object at 0x109e4ee90>: Failed to resolve 'query1.finance.yahoo.com' ([Errno 8] nodename nor servname provided, or not known)"))
2025-02-18 09:46:12,829 - WARNING - Could not fetch data for EIF: HTTPSConnectionPool(host='query1.finance.yahoo.com', port=443): Max retries exceeded with url: /v1/test/getcrumb (Caused by NameResolutionError("<urllib3.connection.HTTPSConnection object at 0x109e4e350>: Failed to resolve 'query1.finance.yahoo.com' ([Errno 8] nodename nor servname provided, or not known)"))
2025-02-18 09:46:12,830 - WARNING - Could not fetch data for FSLR: HTTPSConnectionPool(host='query1.finance.yahoo.com', port=443): Max retries exceeded with url: /v1/test/getcrumb (Caused by NameResolutionError("<urllib3.connection.HTTPSConnection object at 0x109e4f750>: Failed to resolve 'query1.finance.yahoo.com' ([Errno 8] nodename nor servname provided, or not known)"))
2025-02-18 09:46:12,831 - WARNING - Could not fetch data for G: HTTPSConnectionPool(host='query1.finance.yahoo.com', port=443): Max retries exceeded with url: /v1/test/getcrumb (Caused by NameResolutionError("<urllib3.connection.HTTPSConnection object at 0x109e4ec10>: Failed to resolve 'query1.finance.yahoo.com' ([Errno 8] nodename nor servname provided, or not known)"))
2025-02-18 09:46:12,832 - WARNING - Could not fetch data for HAL: HTTPSConnectionPool(host='query1.finance.yahoo.com', port=443): Max retries exceeded with url: /v1/test/getcrumb (Caused by NameResolutionError("<urllib3.connection.HTTPSConnection object at 0x109efcf50>: Failed to resolve 'query1.finance.yahoo.com' ([Errno 8] nodename nor servname provided, or not known)"))
2025-02-18 09:46:12,833 - WARNING - Could not fetch data for HQY: HTTPSConnectionPool(host='query1.finance.yahoo.com', port=443): Max retries exceeded with url: /v1/test/getcrumb (Caused by NameResolutionError("<urllib3.connection.HTTPSConnection object at 0x109e4f110>: Failed to resolve 'query1.finance.yahoo.com' ([Errno 8] nodename nor servname provided, or not known)"))
2025-02-18 09:46:12,834 - WARNING - Could not fetch data for HBM: HTTPSConnectionPool(host='query1.finance.yahoo.com', port=443): Max retries exceeded with url: /v1/test/getcrumb (Caused by NameResolutionError("<urllib3.connection.HTTPSConnection object at 0x109e4fc50>: Failed to resolve 'query1.finance.yahoo.com' ([Errno 8] nodename nor servname provided, or not known)"))
2025-02-18 09:46:12,834 - WARNING - Could not fetch data for IDYA: HTTPSConnectionPool(host='query1.finance.yahoo.com', port=443): Max retries exceeded with url: /v1/test/getcrumb (Caused by NameResolutionError("<urllib3.connection.HTTPSConnection object at 0x109e4e210>: Failed to resolve 'query1.finance.yahoo.com' ([Errno 8] nodename nor servname provided, or not known)"))
2025-02-18 09:46:12,835 - WARNING - Could not fetch data for IMCR: HTTPSConnectionPool(host='query1.finance.yahoo.com', port=443): Max retries exceeded with url: /v1/test/getcrumb (Caused by NameResolutionError("<urllib3.connection.HTTPSConnection object at 0x109e4e710>: Failed to resolve 'query1.finance.yahoo.com' ([Errno 8] nodename nor servname provided, or not known)"))
2025-02-18 09:46:12,836 - WARNING - Could not fetch data for IMVT: HTTPSConnectionPool(host='query1.finance.yahoo.com', port=443): Max retries exceeded with url: /v1/test/getcrumb (Caused by NameResolutionError("<urllib3.connection.HTTPSConnection object at 0x109e4f390>: Failed to resolve 'query1.finance.yahoo.com' ([Errno 8] nodename nor servname provided, or not known)"))
2025-02-18 09:46:12,837 - WARNING - Could not fetch data for INSW: HTTPSConnectionPool(host='query1.finance.yahoo.com', port=443): Max retries exceeded with url: /v1/test/getcrumb (Caused by NameResolutionError("<urllib3.connection.HTTPSConnection object at 0x109ebca50>: Failed to resolve 'query1.finance.yahoo.com' ([Errno 8] nodename nor servname provided, or not known)"))
2025-02-18 09:46:12,837 - WARNING - Could not fetch data for EMV: HTTPSConnectionPool(host='query1.finance.yahoo.com', port=443): Max retries exceeded with url: /v1/test/getcrumb (Caused by NameResolutionError("<urllib3.connection.HTTPSConnection object at 0x109ebd090>: Failed to resolve 'query1.finance.yahoo.com' ([Errno 8] nodename nor servname provided, or not known)"))
2025-02-18 09:46:12,838 - WARNING - Could not fetch data for AGED: HTTPSConnectionPool(host='query1.finance.yahoo.com', port=443): Max retries exceeded with url: /v1/test/getcrumb (Caused by NameResolutionError("<urllib3.connection.HTTPSConnection object at 0x109ebd1d0>: Failed to resolve 'query1.finance.yahoo.com' ([Errno 8] nodename nor servname provided, or not known)"))
2025-02-18 09:46:12,839 - WARNING - Could not fetch data for IWDA: HTTPSConnectionPool(host='query1.finance.yahoo.com', port=443): Max retries exceeded with url: /v1/test/getcrumb (Caused by NameResolutionError("<urllib3.connection.HTTPSConnection object at 0x109e4ec10>: Failed to resolve 'query1.finance.yahoo.com' ([Errno 8] nodename nor servname provided, or not known)"))
2025-02-18 09:46:12,840 - WARNING - Could not fetch data for KNT: HTTPSConnectionPool(host='query1.finance.yahoo.com', port=443): Max retries exceeded with url: /v1/test/getcrumb (Caused by NameResolutionError("<urllib3.connection.HTTPSConnection object at 0x109ebda90>: Failed to resolve 'query1.finance.yahoo.com' ([Errno 8] nodename nor servname provided, or not known)"))
2025-02-18 09:46:12,841 - WARNING - Could not fetch data for LW: HTTPSConnectionPool(host='query1.finance.yahoo.com', port=443): Max retries exceeded with url: /v1/test/getcrumb (Caused by NameResolutionError("<urllib3.connection.HTTPSConnection object at 0x109ebdf90>: Failed to resolve 'query1.finance.yahoo.com' ([Errno 8] nodename nor servname provided, or not known)"))
2025-02-18 09:46:12,841 - WARNING - Could not fetch data for LVO: HTTPSConnectionPool(host='query1.finance.yahoo.com', port=443): Max retries exceeded with url: /v1/test/getcrumb (Caused by NameResolutionError("<urllib3.connection.HTTPSConnection object at 0x109ebe490>: Failed to resolve 'query1.finance.yahoo.com' ([Errno 8] nodename nor servname provided, or not known)"))
2025-02-18 09:46:12,842 - WARNING - Could not fetch data for LKQ: HTTPSConnectionPool(host='query1.finance.yahoo.com', port=443): Max retries exceeded with url: /v1/test/getcrumb (Caused by NameResolutionError("<urllib3.connection.HTTPSConnection object at 0x109ebe990>: Failed to resolve 'query1.finance.yahoo.com' ([Errno 8] nodename nor servname provided, or not known)"))
2025-02-18 09:46:12,844 - WARNING - Could not fetch data for MRVL: HTTPSConnectionPool(host='query1.finance.yahoo.com', port=443): Max retries exceeded with url: /v1/test/getcrumb (Caused by NameResolutionError("<urllib3.connection.HTTPSConnection object at 0x109ebee90>: Failed to resolve 'query1.finance.yahoo.com' ([Errno 8] nodename nor servname provided, or not known)"))
2025-02-18 09:46:12,848 - WARNING - Could not fetch data for MA: HTTPSConnectionPool(host='query1.finance.yahoo.com', port=443): Max retries exceeded with url: /v1/test/getcrumb (Caused by NameResolutionError("<urllib3.connection.HTTPSConnection object at 0x109ebf390>: Failed to resolve 'query1.finance.yahoo.com' ([Errno 8] nodename nor servname provided, or not known)"))
2025-02-18 09:46:12,851 - WARNING - Could not fetch data for META: HTTPSConnectionPool(host='query1.finance.yahoo.com', port=443): Max retries exceeded with url: /v1/test/getcrumb (Caused by NameResolutionError("<urllib3.connection.HTTPSConnection object at 0x109ebf890>: Failed to resolve 'query1.finance.yahoo.com' ([Errno 8] nodename nor servname provided, or not known)"))
2025-02-18 09:46:12,854 - WARNING - Could not fetch data for MU: HTTPSConnectionPool(host='query1.finance.yahoo.com', port=443): Max retries exceeded with url: /v1/test/getcrumb (Caused by NameResolutionError("<urllib3.connection.HTTPSConnection object at 0x109ebfd90>: Failed to resolve 'query1.finance.yahoo.com' ([Errno 8] nodename nor servname provided, or not known)"))
2025-02-18 09:46:12,857 - WARNING - Could not fetch data for MSFT: HTTPSConnectionPool(host='query1.finance.yahoo.com', port=443): Max retries exceeded with url: /v1/test/getcrumb (Caused by NameResolutionError("<urllib3.connection.HTTPSConnection object at 0x109efcb90>: Failed to resolve 'query1.finance.yahoo.com' ([Errno 8] nodename nor servname provided, or not known)"))
2025-02-18 09:46:12,861 - WARNING - Could not fetch data for MDXG: HTTPSConnectionPool(host='query1.finance.yahoo.com', port=443): Max retries exceeded with url: /v1/test/getcrumb (Caused by NameResolutionError("<urllib3.connection.HTTPSConnection object at 0x109efca50>: Failed to resolve 'query1.finance.yahoo.com' ([Errno 8] nodename nor servname provided, or not known)"))
2025-02-18 09:46:12,867 - WARNING - Could not fetch data for MNMD: HTTPSConnectionPool(host='query1.finance.yahoo.com', port=443): Max retries exceeded with url: /v1/test/getcrumb (Caused by NameResolutionError("<urllib3.connection.HTTPSConnection object at 0x109ebfd90>: Failed to resolve 'query1.finance.yahoo.com' ([Errno 8] nodename nor servname provided, or not known)"))
2025-02-18 09:46:12,868 - WARNING - Could not fetch data for MDLZ: HTTPSConnectionPool(host='query1.finance.yahoo.com', port=443): Max retries exceeded with url: /v1/test/getcrumb (Caused by NameResolutionError("<urllib3.connection.HTTPSConnection object at 0x109ebf9d0>: Failed to resolve 'query1.finance.yahoo.com' ([Errno 8] nodename nor servname provided, or not known)"))
2025-02-18 09:46:12,870 - WARNING - Could not fetch data for NVDA: HTTPSConnectionPool(host='query1.finance.yahoo.com', port=443): Max retries exceeded with url: /v1/test/getcrumb (Caused by NameResolutionError("<urllib3.connection.HTTPSConnection object at 0x109ebf4d0>: Failed to resolve 'query1.finance.yahoo.com' ([Errno 8] nodename nor servname provided, or not known)"))
2025-02-18 09:46:12,871 - WARNING - Could not fetch data for OGC: HTTPSConnectionPool(host='query1.finance.yahoo.com', port=443): Max retries exceeded with url: /v1/test/getcrumb (Caused by NameResolutionError("<urllib3.connection.HTTPSConnection object at 0x109ebefd0>: Failed to resolve 'query1.finance.yahoo.com' ([Errno 8] nodename nor servname provided, or not known)"))
2025-02-18 09:46:12,872 - WARNING - Could not fetch data for PACS: HTTPSConnectionPool(host='query1.finance.yahoo.com', port=443): Max retries exceeded with url: /v1/test/getcrumb (Caused by NameResolutionError("<urllib3.connection.HTTPSConnection object at 0x109ebead0>: Failed to resolve 'query1.finance.yahoo.com' ([Errno 8] nodename nor servname provided, or not known)"))
2025-02-18 09:46:12,875 - WARNING - Could not fetch data for PFGC: HTTPSConnectionPool(host='query1.finance.yahoo.com', port=443): Max retries exceeded with url: /v1/test/getcrumb (Caused by NameResolutionError("<urllib3.connection.HTTPSConnection object at 0x109ebe5d0>: Failed to resolve 'query1.finance.yahoo.com' ([Errno 8] nodename nor servname provided, or not known)"))
2025-02-18 09:46:12,876 - WARNING - Could not fetch data for PRU: HTTPSConnectionPool(host='query1.finance.yahoo.com', port=443): Max retries exceeded with url: /v1/test/getcrumb (Caused by NameResolutionError("<urllib3.connection.HTTPSConnection object at 0x109ebe0d0>: Failed to resolve 'query1.finance.yahoo.com' ([Errno 8] nodename nor servname provided, or not known)"))
2025-02-18 09:46:12,879 - WARNING - Could not fetch data for RNO: HTTPSConnectionPool(host='query1.finance.yahoo.com', port=443): Max retries exceeded with url: /v1/test/getcrumb (Caused by NameResolutionError("<urllib3.connection.HTTPSConnection object at 0x109ebdbd0>: Failed to resolve 'query1.finance.yahoo.com' ([Errno 8] nodename nor servname provided, or not known)"))
2025-02-18 09:46:12,880 - WARNING - Could not fetch data for RLX: HTTPSConnectionPool(host='query1.finance.yahoo.com', port=443): Max retries exceeded with url: /v1/test/getcrumb (Caused by NameResolutionError("<urllib3.connection.HTTPSConnection object at 0x109ebd6d0>: Failed to resolve 'query1.finance.yahoo.com' ([Errno 8] nodename nor servname provided, or not known)"))
2025-02-18 09:46:12,882 - WARNING - Could not fetch data for RCKT: HTTPSConnectionPool(host='query1.finance.yahoo.com', port=443): Max retries exceeded with url: /v1/test/getcrumb (Caused by NameResolutionError("<urllib3.connection.HTTPSConnection object at 0x109ebce10>: Failed to resolve 'query1.finance.yahoo.com' ([Errno 8] nodename nor servname provided, or not known)"))
2025-02-18 09:46:12,884 - WARNING - Could not fetch data for RCIB: HTTPSConnectionPool(host='query1.finance.yahoo.com', port=443): Max retries exceeded with url: /v1/test/getcrumb (Caused by NameResolutionError("<urllib3.connection.HTTPSConnection object at 0x109ebc050>: Failed to resolve 'query1.finance.yahoo.com' ([Errno 8] nodename nor servname provided, or not known)"))
2025-02-18 09:46:12,886 - WARNING - Could not fetch data for RCI: HTTPSConnectionPool(host='query1.finance.yahoo.com', port=443): Max retries exceeded with url: /v1/test/getcrumb (Caused by NameResolutionError("<urllib3.connection.HTTPSConnection object at 0x109ebcb90>: Failed to resolve 'query1.finance.yahoo.com' ([Errno 8] nodename nor servname provided, or not known)"))
2025-02-18 09:46:12,887 - WARNING - Could not fetch data for CRM: HTTPSConnectionPool(host='query1.finance.yahoo.com', port=443): Max retries exceeded with url: /v1/test/getcrumb (Caused by NameResolutionError("<urllib3.connection.HTTPSConnection object at 0x109e4f390>: Failed to resolve 'query1.finance.yahoo.com' ([Errno 8] nodename nor servname provided, or not known)"))
2025-02-18 09:46:12,889 - WARNING - Could not fetch data for SHOP: HTTPSConnectionPool(host='query1.finance.yahoo.com', port=443): Max retries exceeded with url: /v1/test/getcrumb (Caused by NameResolutionError("<urllib3.connection.HTTPSConnection object at 0x109e4ead0>: Failed to resolve 'query1.finance.yahoo.com' ([Errno 8] nodename nor servname provided, or not known)"))
2025-02-18 09:46:12,890 - WARNING - Could not fetch data for SLP: HTTPSConnectionPool(host='query1.finance.yahoo.com', port=443): Max retries exceeded with url: /v1/test/getcrumb (Caused by NameResolutionError("<urllib3.connection.HTTPSConnection object at 0x109e4e0d0>: Failed to resolve 'query1.finance.yahoo.com' ([Errno 8] nodename nor servname provided, or not known)"))
2025-02-18 09:46:12,896 - WARNING - Could not fetch data for SLB: HTTPSConnectionPool(host='query1.finance.yahoo.com', port=443): Max retries exceeded with url: /v1/test/getcrumb (Caused by NameResolutionError("<urllib3.connection.HTTPSConnection object at 0x109e4f890>: Failed to resolve 'query1.finance.yahoo.com' ([Errno 8] nodename nor servname provided, or not known)"))
2025-02-18 09:46:12,898 - WARNING - Could not fetch data for GPCR: HTTPSConnectionPool(host='query1.finance.yahoo.com', port=443): Max retries exceeded with url: /v1/test/getcrumb (Caused by NameResolutionError("<urllib3.connection.HTTPSConnection object at 0x109e4ed50>: Failed to resolve 'query1.finance.yahoo.com' ([Errno 8] nodename nor servname provided, or not known)"))
2025-02-18 09:46:12,900 - WARNING - Could not fetch data for SMCI: HTTPSConnectionPool(host='query1.finance.yahoo.com', port=443): Max retries exceeded with url: /v1/test/getcrumb (Caused by NameResolutionError("<urllib3.connection.HTTPSConnection object at 0x109efd1d0>: Failed to resolve 'query1.finance.yahoo.com' ([Errno 8] nodename nor servname provided, or not known)"))
2025-02-18 09:46:12,903 - WARNING - Could not fetch data for SPB: HTTPSConnectionPool(host='query1.finance.yahoo.com', port=443): Max retries exceeded with url: /v1/test/getcrumb (Caused by NameResolutionError("<urllib3.connection.HTTPSConnection object at 0x109e4ed50>: Failed to resolve 'query1.finance.yahoo.com' ([Errno 8] nodename nor servname provided, or not known)"))
2025-02-18 09:46:12,905 - WARNING - Could not fetch data for SNDX: HTTPSConnectionPool(host='query1.finance.yahoo.com', port=443): Max retries exceeded with url: /v1/test/getcrumb (Caused by NameResolutionError("<urllib3.connection.HTTPSConnection object at 0x109e4f750>: Failed to resolve 'query1.finance.yahoo.com' ([Errno 8] nodename nor servname provided, or not known)"))
2025-02-18 09:46:12,913 - WARNING - Could not fetch data for TNC: HTTPSConnectionPool(host='query1.finance.yahoo.com', port=443): Max retries exceeded with url: /v1/test/getcrumb (Caused by NameResolutionError("<urllib3.connection.HTTPSConnection object at 0x109e4e350>: Failed to resolve 'query1.finance.yahoo.com' ([Errno 8] nodename nor servname provided, or not known)"))
2025-02-18 09:46:12,916 - WARNING - Could not fetch data for TX: HTTPSConnectionPool(host='query1.finance.yahoo.com', port=443): Max retries exceeded with url: /v1/test/getcrumb (Caused by NameResolutionError("<urllib3.connection.HTTPSConnection object at 0x109e4ee90>: Failed to resolve 'query1.finance.yahoo.com' ([Errno 8] nodename nor servname provided, or not known)"))
2025-02-18 09:46:12,921 - WARNING - Could not fetch data for TSLA: HTTPSConnectionPool(host='query1.finance.yahoo.com', port=443): Max retries exceeded with url: /v1/test/getcrumb (Caused by NameResolutionError("<urllib3.connection.HTTPSConnection object at 0x109e4f610>: Failed to resolve 'query1.finance.yahoo.com' ([Errno 8] nodename nor servname provided, or not known)"))
2025-02-18 09:46:12,923 - WARNING - Could not fetch data for TCOM: HTTPSConnectionPool(host='query1.finance.yahoo.com', port=443): Max retries exceeded with url: /v1/test/getcrumb (Caused by NameResolutionError("<urllib3.connection.HTTPSConnection object at 0x109ebc690>: Failed to resolve 'query1.finance.yahoo.com' ([Errno 8] nodename nor servname provided, or not known)"))
2025-02-18 09:46:12,926 - WARNING - Could not fetch data for TSU: HTTPSConnectionPool(host='query1.finance.yahoo.com', port=443): Max retries exceeded with url: /v1/test/getcrumb (Caused by NameResolutionError("<urllib3.connection.HTTPSConnection object at 0x109ebc190>: Failed to resolve 'query1.finance.yahoo.com' ([Errno 8] nodename nor servname provided, or not known)"))
2025-02-18 09:46:12,928 - WARNING - Could not fetch data for TRVG: HTTPSConnectionPool(host='query1.finance.yahoo.com', port=443): Max retries exceeded with url: /v1/test/getcrumb (Caused by NameResolutionError("<urllib3.connection.HTTPSConnection object at 0x109ebcf50>: Failed to resolve 'query1.finance.yahoo.com' ([Errno 8] nodename nor servname provided, or not known)"))
2025-02-18 09:46:12,930 - WARNING - Could not fetch data for TWLO: HTTPSConnectionPool(host='query1.finance.yahoo.com', port=443): Max retries exceeded with url: /v1/test/getcrumb (Caused by NameResolutionError("<urllib3.connection.HTTPSConnection object at 0x109ebd810>: Failed to resolve 'query1.finance.yahoo.com' ([Errno 8] nodename nor servname provided, or not known)"))
2025-02-18 09:46:12,932 - WARNING - Could not fetch data for UBER: HTTPSConnectionPool(host='query1.finance.yahoo.com', port=443): Max retries exceeded with url: /v1/test/getcrumb (Caused by NameResolutionError("<urllib3.connection.HTTPSConnection object at 0x109ebd450>: Failed to resolve 'query1.finance.yahoo.com' ([Errno 8] nodename nor servname provided, or not known)"))
2025-02-18 09:46:12,934 - WARNING - Could not fetch data for UAL: HTTPSConnectionPool(host='query1.finance.yahoo.com', port=443): Max retries exceeded with url: /v1/test/getcrumb (Caused by NameResolutionError("<urllib3.connection.HTTPSConnection object at 0x109ebdd10>: Failed to resolve 'query1.finance.yahoo.com' ([Errno 8] nodename nor servname provided, or not known)"))
2025-02-18 09:46:12,937 - WARNING - Could not fetch data for UPWK: HTTPSConnectionPool(host='query1.finance.yahoo.com', port=443): Max retries exceeded with url: /v1/test/getcrumb (Caused by NameResolutionError("<urllib3.connection.HTTPSConnection object at 0x109ebe210>: Failed to resolve 'query1.finance.yahoo.com' ([Errno 8] nodename nor servname provided, or not known)"))
2025-02-18 09:46:12,939 - WARNING - Could not fetch data for UTZ: HTTPSConnectionPool(host='query1.finance.yahoo.com', port=443): Max retries exceeded with url: /v1/test/getcrumb (Caused by NameResolutionError("<urllib3.connection.HTTPSConnection object at 0x109ebe710>: Failed to resolve 'query1.finance.yahoo.com' ([Errno 8] nodename nor servname provided, or not known)"))
2025-02-18 09:46:12,941 - WARNING - Could not fetch data for WELL: HTTPSConnectionPool(host='query1.finance.yahoo.com', port=443): Max retries exceeded with url: /v1/test/getcrumb (Caused by NameResolutionError("<urllib3.connection.HTTPSConnection object at 0x109ebec10>: Failed to resolve 'query1.finance.yahoo.com' ([Errno 8] nodename nor servname provided, or not known)"))
2025-02-18 09:46:12,943 - WARNING - Could not fetch data for WCP: HTTPSConnectionPool(host='query1.finance.yahoo.com', port=443): Max retries exceeded with url: /v1/test/getcrumb (Caused by NameResolutionError("<urllib3.connection.HTTPSConnection object at 0x109ebf110>: Failed to resolve 'query1.finance.yahoo.com' ([Errno 8] nodename nor servname provided, or not known)"))
2025-02-18 09:46:12,944 - WARNING - Could not fetch data for XPO: HTTPSConnectionPool(host='query1.finance.yahoo.com', port=443): Max retries exceeded with url: /v1/test/getcrumb (Caused by NameResolutionError("<urllib3.connection.HTTPSConnection object at 0x109ebf610>: Failed to resolve 'query1.finance.yahoo.com' ([Errno 8] nodename nor servname provided, or not known)"))
2025-02-18 09:46:12,956 - INFO - 
Market Data Summary:
2025-02-18 09:46:12,956 - INFO - Total companies: 86
2025-02-18 09:46:12,956 - INFO - Companies with analyst data: 0
2025-02-18 09:46:12,956 - INFO - Companies without data: 86
2025-02-18 09:46:12,956 - INFO - 
Results saved to: results/market_data_20250218_094612.csv
2025-02-18 09:46:12,956 - INFO - Archive directory: results/archive/market

2025-02-18 09:46:13,100 - INFO - Completed scripts/b_collect_market.py in 2.0 seconds
2025-02-18 09:46:14,107 - INFO - 
Executing scripts/c_bayesian_model.py...
2025-02-18 09:46:17,009 - ERROR - Traceback (most recent call last):
  File "/Users/davideconsiglio/Library/Mobile Documents/com~apple~CloudDocs/Portfolio tracker/sentiment_analysis/venv/lib/python3.13/site-packages/aesara/configparser.py", line 237, in fetch_val_for_key
    return self._aesara_cfg.get(section, option)
           ~~~~~~~~~~~~~~~~~~~~^^^^^^^^^^^^^^^^^
  File "/opt/homebrew/Cellar/python@3.13/3.13.2/Frameworks/Python.framework/Versions/3.13/lib/python3.13/configparser.py", line 810, in get
    d = self._unify_values(section, vars)
  File "/opt/homebrew/Cellar/python@3.13/3.13.2/Frameworks/Python.framework/Versions/3.13/lib/python3.13/configparser.py", line 1184, in _unify_values
    raise NoSectionError(section) from None
configparser.NoSectionError: No section: 'blas'

During handling of the above exception, another exception occurred:

Traceback (most recent call last):
  File "/Users/davideconsiglio/Library/Mobile Documents/com~apple~CloudDocs/Portfolio tracker/sentiment_analysis/venv/lib/python3.13/site-packages/aesara/configparser.py", line 353, in __get__
    val_str = cls.fetch_val_for_key(self.name, delete_key=delete_key)
  File "/Users/davideconsiglio/Library/Mobile Documents/com~apple~CloudDocs/Portfolio tracker/sentiment_analysis/venv/lib/python3.13/site-packages/aesara/configparser.py", line 241, in fetch_val_for_key
    raise KeyError(key)
KeyError: 'blas__ldflags'

During handling of the above exception, another exception occurred:

Traceback (most recent call last):
  File "/Users/davideconsiglio/Library/Mobile Documents/com~apple~CloudDocs/Portfolio tracker/sentiment_analysis/scripts/c_bayesian_model.py", line 17, in <module>
    import pymc as pm
  File "/Users/davideconsiglio/Library/Mobile Documents/com~apple~CloudDocs/Portfolio tracker/sentiment_analysis/venv/lib/python3.13/site-packages/pymc/__init__.py", line 47, in <module>
    __set_compiler_flags()
    ~~~~~~~~~~~~~~~~~~~~^^
  File "/Users/davideconsiglio/Library/Mobile Documents/com~apple~CloudDocs/Portfolio tracker/sentiment_analysis/venv/lib/python3.13/site-packages/pymc/__init__.py", line 30, in __set_compiler_flags
    import aesara
  File "/Users/davideconsiglio/Library/Mobile Documents/com~apple~CloudDocs/Portfolio tracker/sentiment_analysis/venv/lib/python3.13/site-packages/aesara/__init__.py", line 120, in <module>
    from aesara import scalar, tensor
  File "/Users/davideconsiglio/Library/Mobile Documents/com~apple~CloudDocs/Portfolio tracker/sentiment_analysis/venv/lib/python3.13/site-packages/aesara/tensor/__init__.py", line 105, in <module>
    from aesara.tensor import (  # noqa
    ...<5 lines>...
    )
  File "/Users/davideconsiglio/Library/Mobile Documents/com~apple~CloudDocs/Portfolio tracker/sentiment_analysis/venv/lib/python3.13/site-packages/aesara/tensor/blas.py", line 162, in <module>
    from aesara.tensor.blas_headers import blas_header_text, blas_header_version
  File "/Users/davideconsiglio/Library/Mobile Documents/com~apple~CloudDocs/Portfolio tracker/sentiment_analysis/venv/lib/python3.13/site-packages/aesara/tensor/blas_headers.py", line 1015, in <module>
    if not config.blas__ldflags:
           ^^^^^^^^^^^^^^^^^^^^
  File "/Users/davideconsiglio/Library/Mobile Documents/com~apple~CloudDocs/Portfolio tracker/sentiment_analysis/venv/lib/python3.13/site-packages/aesara/configparser.py", line 357, in __get__
    val_str = self.default()
  File "/Users/davideconsiglio/Library/Mobile Documents/com~apple~CloudDocs/Portfolio tracker/sentiment_analysis/venv/lib/python3.13/site-packages/aesara/link/c/cmodule.py", line 2711, in default_blas_ldflags
    blas_info = np.__config__.get_info("blas_opt")
                ^^^^^^^^^^^^^^^^^^^^^^
AttributeError: module 'numpy.__config__' has no attribute 'get_info'

2025-02-18 09:46:17,010 - INFO - Completed scripts/c_bayesian_model.py in 2.9 seconds
2025-02-18 09:46:18,014 - INFO - 
Executing scripts/d_consolidate_data.py...
2025-02-18 09:46:18,703 - INFO - 
Starting data consolidation...

Data consolidation complete!

2025-02-18 09:46:18,704 - ERROR - 2025-02-18 09:46:18,651 - INFO - 
Data Consolidation Summary:
2025-02-18 09:46:18,651 - INFO - Total companies: 86
2025-02-18 09:46:18,652 - INFO - Companies with complete data: 0
2025-02-18 09:46:18,652 - INFO - 
Results saved to: results/master_output_20250218_094618.csv
2025-02-18 09:46:18,652 - INFO - Archive directory: results/archive/master

2025-02-18 09:46:18,704 - INFO - Completed scripts/d_consolidate_data.py in 0.7 seconds
2025-02-18 09:46:19,710 - INFO - 
Executing scripts/e_generate_dashboard.py...
2025-02-18 09:46:21,319 - INFO - 
Starting dashboard generation...

Dashboard generation complete!

2025-02-18 09:46:21,320 - ERROR - /Users/davideconsiglio/Library/Mobile Documents/com~apple~CloudDocs/Portfolio tracker/sentiment_analysis/scripts/e_generate_dashboard.py:299: SyntaxWarning: invalid escape sequence '\.'
  html_template += """
2025-02-18 09:46:20,150 - INFO - Loaded master data with 86 rows
2025-02-18 09:46:20,150 - INFO - Columns: ticker, company, date_range, total_articles, average_sentiment, sentiment_std, last_week_sentiment, last_month_sentiment, positive_ratio, negative_ratio, latest_update, current_price, target_median, target_mean, target_low, target_high, num_analysts, recommendation, potential_return, week_return, volume, avg_volume, market_cap, beta, timestamp, data_version
2025-02-18 09:46:20,639 - INFO - 
Dashboard generated and opened: results/market_report_20250218_094620.html
2025-02-18 09:46:20,641 - INFO - Archive directory: results/archive/reports

2025-02-18 09:46:21,324 - INFO - Completed scripts/e_generate_dashboard.py in 1.6 seconds
2025-02-18 09:46:22,330 - INFO - 
=== Workflow Summary ===
2025-02-18 09:46:22,331 - INFO - 
Execution Results:
2025-02-18 09:46:22,339 - INFO - +-------------------------+----------+------------+
| Module                  | Status   | Duration   |
+=========================+==========+============+
| a_collect_sentiment.py  | ✓        | 671.9s     |
+-------------------------+----------+------------+
| b_collect_market.py     | ✓        | 2.0s       |
+-------------------------+----------+------------+
| c_bayesian_model.py     | ✗        | 2.9s       |
+-------------------------+----------+------------+
| d_consolidate_data.py   | ✓        | 0.7s       |
+-------------------------+----------+------------+
| e_generate_dashboard.py | ✓        | 1.6s       |
+-------------------------+----------+------------+
| Total                   |          | 684.1s     |
+-------------------------+----------+------------+
